[debug] [2021-10-23T18:21:58.442Z] ----------------------------------------------------------------------
[debug] [2021-10-23T18:21:58.445Z] Command:       C:\Program Files\nodejs\node.exe C:\Users\asus\AppData\Roaming\npm\node_modules\firebase-tools\lib\bin\firebase.js deploy --only functions
[debug] [2021-10-23T18:21:58.446Z] CLI Version:   9.20.0
[debug] [2021-10-23T18:21:58.446Z] Platform:      win32
[debug] [2021-10-23T18:21:58.446Z] Node Version:  v14.17.6
[debug] [2021-10-23T18:21:58.448Z] Time:          Sat Oct 23 2021 21:21:58 GMT+0300 (Eastern European Summer Time)
[debug] [2021-10-23T18:21:58.448Z] ----------------------------------------------------------------------
[debug] 
[debug] [2021-10-23T18:21:58.521Z] > command requires scopes: ["email","openid","https://www.googleapis.com/auth/cloudplatformprojects.readonly","https://www.googleapis.com/auth/firebase","https://www.googleapis.com/auth/cloud-platform"]
[debug] [2021-10-23T18:21:58.521Z] > authorizing via signed-in user (danilsmy.edu@gmail.com)
[debug] [2021-10-23T18:21:58.521Z] [iam] checking project kpi-web-lab-2 for permissions ["cloudfunctions.functions.create","cloudfunctions.functions.delete","cloudfunctions.functions.get","cloudfunctions.functions.list","cloudfunctions.functions.update","cloudfunctions.operations.get","firebase.projects.get"]
[debug] [2021-10-23T18:21:58.524Z] >>> HTTP REQUEST POST https://cloudresourcemanager.googleapis.com/v1/projects/kpi-web-lab-2:testIamPermissions  
 {"permissions":["cloudfunctions.functions.create","cloudfunctions.functions.delete","cloudfunctions.functions.get","cloudfunctions.functions.list","cloudfunctions.functions.update","cloudfunctions.operations.get","firebase.projects.get"]}
[debug] [2021-10-23T18:21:59.325Z] <<< HTTP RESPONSE 200 {"content-type":"application/json; charset=UTF-8","vary":"X-Origin, Referer, Origin,Accept-Encoding","date":"Sat, 23 Oct 2021 18:21:59 GMT","server":"ESF","cache-control":"private","x-xss-protection":"0","x-frame-options":"SAMEORIGIN","x-content-type-options":"nosniff","server-timing":"gfet4t7; dur=690","alt-svc":"h3=\":443\"; ma=2592000,h3-29=\":443\"; ma=2592000,h3-Q050=\":443\"; ma=2592000,h3-Q046=\":443\"; ma=2592000,h3-Q043=\":443\"; ma=2592000","accept-ranges":"none","transfer-encoding":"chunked"}
[debug] [2021-10-23T18:21:59.327Z] >>> HTTP REQUEST POST https://iam.googleapis.com/v1/projects/kpi-web-lab-2/serviceAccounts/kpi-web-lab-2@appspot.gserviceaccount.com:testIamPermissions  
 {"permissions":["iam.serviceAccounts.actAs"]}
[debug] [2021-10-23T18:22:00.106Z] <<< HTTP RESPONSE 200 {"content-type":"application/json; charset=UTF-8","vary":"X-Origin, Referer, Origin,Accept-Encoding","date":"Sat, 23 Oct 2021 18:21:59 GMT","server":"ESF","cache-control":"private","x-xss-protection":"0","x-frame-options":"SAMEORIGIN","x-content-type-options":"nosniff","alt-svc":"h3=\":443\"; ma=2592000,h3-29=\":443\"; ma=2592000,h3-Q050=\":443\"; ma=2592000,h3-Q046=\":443\"; ma=2592000,h3-Q043=\":443\"; ma=2592000","accept-ranges":"none","transfer-encoding":"chunked"}
[info] 
[info] === Deploying to 'kpi-web-lab-2'...
[info] 
[info] i  deploying functions 
[info] Running command: npm --prefix "$RESOURCE_DIR" run lint
[info] +  functions: Finished running predeploy script. 
[debug] [2021-10-23T18:22:01.749Z] Validating nodejs source
[debug] [2021-10-23T18:22:08.115Z] > [functions] package.json contents: {
  "name": "functions",
  "description": "Cloud Functions for Firebase",
  "scripts": {
    "lint": "eslint .",
    "serve": "firebase emulators:start --only functions",
    "shell": "firebase functions:shell",
    "start": "npm run shell",
    "deploy": "firebase deploy --only functions",
    "logs": "firebase functions:log"
  },
  "engines": {
    "node": "14"
  },
  "main": "index.js",
  "dependencies": {
    "firebase-admin": "^9.8.0",
    "firebase-functions": "^3.14.1",
    "nodemailer": "^6.7.0",
    "sanitize-html": "^2.5.1"
  },
  "devDependencies": {
    "eslint": "^7.6.0",
    "eslint-config-google": "^0.14.0",
    "firebase-functions-test": "^0.2.0"
  },
  "private": true
}
[debug] [2021-10-23T18:22:08.115Z] Building nodejs source
[info] i  functions: ensuring required API cloudfunctions.googleapis.com is enabled... 
[info] i  functions: ensuring required API cloudbuild.googleapis.com is enabled... 
[debug] [2021-10-23T18:22:08.117Z] >>> HTTP REQUEST GET https://serviceusage.googleapis.com/v1/projects/kpi-web-lab-2/services/cloudfunctions.googleapis.com  
 
[debug] [2021-10-23T18:22:08.117Z] >>> HTTP REQUEST GET https://serviceusage.googleapis.com/v1/projects/kpi-web-lab-2/services/runtimeconfig.googleapis.com  
 
[debug] [2021-10-23T18:22:08.118Z] >>> HTTP REQUEST GET https://serviceusage.googleapis.com/v1/projects/kpi-web-lab-2/services/cloudbuild.googleapis.com  
 
[debug] [2021-10-23T18:22:09.211Z] <<< HTTP RESPONSE 200 {"content-type":"application/json; charset=UTF-8","vary":"X-Origin, Referer, Origin,Accept-Encoding","date":"Sat, 23 Oct 2021 18:22:08 GMT","server":"ESF","cache-control":"private","x-xss-protection":"0","x-frame-options":"SAMEORIGIN","x-content-type-options":"nosniff","alt-svc":"h3=\":443\"; ma=2592000,h3-29=\":443\"; ma=2592000,h3-Q050=\":443\"; ma=2592000,h3-Q046=\":443\"; ma=2592000,h3-Q043=\":443\"; ma=2592000","accept-ranges":"none","transfer-encoding":"chunked"}
[debug] [2021-10-23T18:22:09.278Z] <<< HTTP RESPONSE 200 {"content-type":"application/json; charset=UTF-8","vary":"X-Origin, Referer, Origin,Accept-Encoding","date":"Sat, 23 Oct 2021 18:22:08 GMT","server":"ESF","cache-control":"private","x-xss-protection":"0","x-frame-options":"SAMEORIGIN","x-content-type-options":"nosniff","alt-svc":"h3=\":443\"; ma=2592000,h3-29=\":443\"; ma=2592000,h3-Q050=\":443\"; ma=2592000,h3-Q046=\":443\"; ma=2592000,h3-Q043=\":443\"; ma=2592000","accept-ranges":"none","transfer-encoding":"chunked"}
[warn] !  functions: missing required API cloudbuild.googleapis.com. Enabling now... 
[debug] [2021-10-23T18:22:09.280Z] >>> HTTP REQUEST POST https://serviceusage.googleapis.com/v1/projects/kpi-web-lab-2/services/cloudbuild.googleapis.com:enable  
 
[debug] [2021-10-23T18:22:09.303Z] <<< HTTP RESPONSE 200 {"content-type":"application/json; charset=UTF-8","vary":"X-Origin, Referer, Origin,Accept-Encoding","date":"Sat, 23 Oct 2021 18:22:08 GMT","server":"ESF","cache-control":"private","x-xss-protection":"0","x-frame-options":"SAMEORIGIN","x-content-type-options":"nosniff","alt-svc":"h3=\":443\"; ma=2592000,h3-29=\":443\"; ma=2592000,h3-Q050=\":443\"; ma=2592000,h3-Q046=\":443\"; ma=2592000,h3-Q043=\":443\"; ma=2592000","accept-ranges":"none","transfer-encoding":"chunked"}
[info] +  functions: required API cloudfunctions.googleapis.com is enabled 
[debug] [2021-10-23T18:22:10.917Z] <<< HTTP RESPONSE 200 {"content-type":"application/json; charset=UTF-8","vary":"X-Origin, Referer, Origin,Accept-Encoding","date":"Sat, 23 Oct 2021 18:22:10 GMT","server":"ESF","cache-control":"private","x-xss-protection":"0","x-frame-options":"SAMEORIGIN","x-content-type-options":"nosniff","alt-svc":"h3=\":443\"; ma=2592000,h3-29=\":443\"; ma=2592000,h3-Q050=\":443\"; ma=2592000,h3-Q046=\":443\"; ma=2592000,h3-Q043=\":443\"; ma=2592000","accept-ranges":"none","transfer-encoding":"chunked"}
[debug] [2021-10-23T18:22:20.926Z] >>> HTTP REQUEST GET https://serviceusage.googleapis.com/v1/projects/kpi-web-lab-2/services/cloudbuild.googleapis.com  
 
[debug] [2021-10-23T18:22:22.052Z] <<< HTTP RESPONSE 200 {"content-type":"application/json; charset=UTF-8","vary":"X-Origin, Referer, Origin,Accept-Encoding","date":"Sat, 23 Oct 2021 18:22:21 GMT","server":"ESF","cache-control":"private","x-xss-protection":"0","x-frame-options":"SAMEORIGIN","x-content-type-options":"nosniff","alt-svc":"h3=\":443\"; ma=2592000,h3-29=\":443\"; ma=2592000,h3-Q050=\":443\"; ma=2592000,h3-Q046=\":443\"; ma=2592000,h3-Q043=\":443\"; ma=2592000","accept-ranges":"none","transfer-encoding":"chunked"}
[info] +  functions: required API cloudbuild.googleapis.com is enabled 
[debug] [2021-10-23T18:22:22.054Z] >>> HTTP REQUEST GET https://firebase.googleapis.com/v1beta1/projects/kpi-web-lab-2/adminSdkConfig  
 
[debug] [2021-10-23T18:22:22.460Z] <<< HTTP RESPONSE 200 {"content-type":"application/json; charset=UTF-8","vary":"X-Origin, Referer, Origin,Accept-Encoding","date":"Sat, 23 Oct 2021 18:22:22 GMT","server":"ESF","cache-control":"private","x-xss-protection":"0","x-frame-options":"SAMEORIGIN","x-content-type-options":"nosniff","alt-svc":"h3=\":443\"; ma=2592000,h3-29=\":443\"; ma=2592000,h3-Q050=\":443\"; ma=2592000,h3-Q046=\":443\"; ma=2592000,h3-Q043=\":443\"; ma=2592000","accept-ranges":"none","transfer-encoding":"chunked"}
[debug] [2021-10-23T18:22:22.460Z] >>> HTTP REQUEST GET https://runtimeconfig.googleapis.com/v1beta1/projects/kpi-web-lab-2/configs  
 
[debug] [2021-10-23T18:22:22.849Z] <<< HTTP RESPONSE 200 {"content-type":"application/json; charset=UTF-8","vary":"X-Origin, Referer, Origin,Accept-Encoding","date":"Sat, 23 Oct 2021 18:22:22 GMT","server":"ESF","cache-control":"private","x-xss-protection":"0","x-frame-options":"SAMEORIGIN","x-content-type-options":"nosniff","alt-svc":"h3=\":443\"; ma=2592000,h3-29=\":443\"; ma=2592000,h3-Q050=\":443\"; ma=2592000,h3-Q046=\":443\"; ma=2592000,h3-Q043=\":443\"; ma=2592000","accept-ranges":"none","transfer-encoding":"chunked"}
[debug] [2021-10-23T18:22:22.850Z] Analyzing nodejs backend spec
[info] i  functions: preparing functions directory for uploading... 
[info] i  functions: packaged functions (37.88 KB) for uploading 
[debug] [2021-10-23T18:22:23.177Z] >>> HTTP REQUEST GET https://cloudfunctions.googleapis.com/v1/projects/kpi-web-lab-2/locations/-/functions  
 
[debug] [2021-10-23T18:22:23.785Z] <<< HTTP RESPONSE 200 {"content-type":"application/json; charset=UTF-8","vary":"X-Origin, Referer, Origin,Accept-Encoding","date":"Sat, 23 Oct 2021 18:22:23 GMT","server":"ESF","cache-control":"private","x-xss-protection":"0","x-frame-options":"SAMEORIGIN","x-content-type-options":"nosniff","alt-svc":"h3=\":443\"; ma=2592000,h3-29=\":443\"; ma=2592000,h3-Q050=\":443\"; ma=2592000,h3-Q046=\":443\"; ma=2592000,h3-Q043=\":443\"; ma=2592000","accept-ranges":"none","transfer-encoding":"chunked"}
[debug] [2021-10-23T18:22:23.787Z] [functions] found 1 new HTTP functions, testing setIamPolicy permission...
[debug] [2021-10-23T18:22:23.788Z] >>> HTTP REQUEST POST https://cloudresourcemanager.googleapis.com/v1/projects/kpi-web-lab-2:testIamPermissions  
 {"permissions":["cloudfunctions.functions.setIamPolicy"]}
[debug] [2021-10-23T18:22:24.568Z] <<< HTTP RESPONSE 200 {"content-type":"application/json; charset=UTF-8","vary":"X-Origin, Referer, Origin,Accept-Encoding","date":"Sat, 23 Oct 2021 18:22:24 GMT","server":"ESF","cache-control":"private","x-xss-protection":"0","x-frame-options":"SAMEORIGIN","x-content-type-options":"nosniff","server-timing":"gfet4t7; dur=680","alt-svc":"h3=\":443\"; ma=2592000,h3-29=\":443\"; ma=2592000,h3-Q050=\":443\"; ma=2592000,h3-Q046=\":443\"; ma=2592000,h3-Q043=\":443\"; ma=2592000","accept-ranges":"none","transfer-encoding":"chunked"}
[debug] [2021-10-23T18:22:24.568Z] [functions] found setIamPolicy permission, proceeding with deploy
[debug] [2021-10-23T18:22:24.569Z] >>> HTTP REQUEST POST https://cloudfunctions.googleapis.com/v1/projects/kpi-web-lab-2/locations/us-central1/functions:generateUploadUrl  
 
[debug] [2021-10-23T18:22:33.383Z] <<< HTTP RESPONSE 200 {"content-type":"application/json; charset=UTF-8","vary":"X-Origin, Referer, Origin,Accept-Encoding","date":"Sat, 23 Oct 2021 18:22:33 GMT","server":"ESF","cache-control":"private","x-xss-protection":"0","x-frame-options":"SAMEORIGIN","x-content-type-options":"nosniff","alt-svc":"h3=\":443\"; ma=2592000,h3-29=\":443\"; ma=2592000,h3-Q050=\":443\"; ma=2592000,h3-Q046=\":443\"; ma=2592000,h3-Q043=\":443\"; ma=2592000","accept-ranges":"none","transfer-encoding":"chunked"}
[debug] [2021-10-23T18:22:33.385Z] >>> HTTP REQUEST PUT https://storage.googleapis.com/gcf-upload-us-central1-5ba75745-db9b-451d-be59-a7948d8bc26c/4a857001-aa22-4c4e-a2df-9ed7368efc21.zip?GoogleAccessId=service-884981189586@gcf-admin-robot.iam.gserviceaccount.com&Expires=1635015153&Signature=fyXD2NFrkUnuh6WJYtrld%2Fl7EoUSgBQtXFBQjqOzI%2FN9459Aydfw9e7VbbgaNJMDX2jGRT%2F535fktNJZD5UWpwQDbwf%2F19EBoT2mj1p5Whw3EvcJt2brlhoUnB3UhKoNI%2Fz7uKA1wdxrE2dvA3fIqcZG4Trir6H443e7XIqpO5g2q%2BHYslVW2BNnhhh6XPSiODjkfLOu5QbzC7O2GtEUAEb%2F%2Fiym10UEXtN0kw8prQUIaCxDx6ohFy9HfGfsEiM1P80qkINqybdf6n5V4YBqCWGHgvT6UTRokMkCiiPwLHuY9MH%2BQUo42F8apEyGgpxbpST9EN5CXylo%2FAAWXoe8Cw%3D%3D  
 <request body omitted>
[debug] [2021-10-23T18:22:33.931Z] <<< HTTP RESPONSE 200 {"x-guploader-uploadid":"ADPycdvTUnMGzboE2zdk5iU8eN8nTJeH1zChrTWXvNMwRwe5co7ci9kEIsgMYbodUmwIBSp_-UeQgyY0LwsZbx39Lgwx4rGaxA","etag":"\"1b3056b6883cd396bacfa756902cb1b9\"","x-goog-generation":"1635013353620765","x-goog-metageneration":"1","x-goog-hash":"crc32c=Cq4U4A==, md5=GzBWtog805a6z6dWkCyxuQ==","x-goog-stored-content-length":"38787","x-goog-stored-content-encoding":"identity","vary":"Origin","content-length":"0","date":"Sat, 23 Oct 2021 18:22:33 GMT","server":"UploadServer","content-type":"text/html; charset=UTF-8","alt-svc":"h3=\":443\"; ma=2592000,h3-29=\":443\"; ma=2592000,h3-Q050=\":443\"; ma=2592000,h3-Q046=\":443\"; ma=2592000,h3-Q043=\":443\"; ma=2592000,quic=\":443\"; ma=2592000; v=\"46,43\""}
[info] +  functions: functions folder uploaded successfully 
[info] i  functions: creating Node.js 14 function sendmail(us-central1)... 
[debug] [2021-10-23T18:22:33.936Z] >>> HTTP REQUEST POST https://cloudfunctions.googleapis.com/v1/projects/kpi-web-lab-2/locations/us-central1/functions  
 {"name":"projects/kpi-web-lab-2/locations/us-central1/functions/sendmail","sourceUploadUrl":"https://storage.googleapis.com/gcf-upload-us-central1-5ba75745-db9b-451d-be59-a7948d8bc26c/4a857001-aa22-4c4e-a2df-9ed7368efc21.zip?GoogleAccessId=service-884981189586@gcf-admin-robot.iam.gserviceaccount.com&Expires=1635015153&Signature=fyXD2NFrkUnuh6WJYtrld%2Fl7EoUSgBQtXFBQjqOzI%2FN9459Aydfw9e7VbbgaNJMDX2jGRT%2F535fktNJZD5UWpwQDbwf%2F19EBoT2mj1p5Whw3EvcJt2brlhoUnB3UhKoNI%2Fz7uKA1wdxrE2dvA3fIqcZG4Trir6H443e7XIqpO5g2q%2BHYslVW2BNnhhh6XPSiODjkfLOu5QbzC7O2GtEUAEb%2F%2Fiym10UEXtN0kw8prQUIaCxDx6ohFy9HfGfsEiM1P80qkINqybdf6n5V4YBqCWGHgvT6UTRokMkCiiPwLHuY9MH%2BQUo42F8apEyGgpxbpST9EN5CXylo%2FAAWXoe8Cw%3D%3D","entryPoint":"sendmail","runtime":"nodejs14","httpsTrigger":{},"labels":{"deployment-tool":"cli-firebase"},"environmentVariables":{"FIREBASE_CONFIG":"{\"projectId\":\"kpi-web-lab-2\",\"storageBucket\":\"kpi-web-lab-2.appspot.com\"}","GCLOUD_PROJECT":"kpi-web-lab-2"}}
[debug] [2021-10-23T18:22:34.482Z] <<< HTTP RESPONSE 200 {"content-type":"application/json; charset=UTF-8","vary":"X-Origin, Referer, Origin,Accept-Encoding","date":"Sat, 23 Oct 2021 18:22:34 GMT","server":"ESF","cache-control":"private","x-xss-protection":"0","x-frame-options":"SAMEORIGIN","x-content-type-options":"nosniff","alt-svc":"h3=\":443\"; ma=2592000,h3-29=\":443\"; ma=2592000,h3-Q050=\":443\"; ma=2592000,h3-Q046=\":443\"; ma=2592000,h3-Q043=\":443\"; ma=2592000","accept-ranges":"none","transfer-encoding":"chunked"}
[debug] [2021-10-23T18:22:34.483Z] > refreshing access token with scopes: []
[debug] [2021-10-23T18:22:34.484Z] >>> HTTP REQUEST POST https://www.googleapis.com/oauth2/v3/token  
 <request body omitted>
[debug] [2021-10-23T18:22:34.630Z] <<< HTTP RESPONSE 200 {"expires":"Mon, 01 Jan 1990 00:00:00 GMT","cache-control":"no-cache, no-store, max-age=0, must-revalidate","date":"Sat, 23 Oct 2021 18:22:34 GMT","pragma":"no-cache","content-type":"application/json; charset=utf-8","vary":"X-Origin, Referer, Origin,Accept-Encoding","server":"scaffolding on HTTPServer2","x-xss-protection":"0","x-frame-options":"SAMEORIGIN","x-content-type-options":"nosniff","alt-svc":"h3=\":443\"; ma=2592000,h3-29=\":443\"; ma=2592000,h3-Q050=\":443\"; ma=2592000,h3-Q046=\":443\"; ma=2592000,h3-Q043=\":443\"; ma=2592000","accept-ranges":"none","transfer-encoding":"chunked"}
[debug] [2021-10-23T18:22:34.641Z] >>> [apiv2][query] GET https://cloudfunctions.googleapis.com/v1/operations/a3BpLXdlYi1sYWItMi91cy1jZW50cmFsMS9zZW5kbWFpbC9qb1Q3UGVJYjFRdw [none]
[debug] [2021-10-23T18:22:34.938Z] <<< [apiv2][status] GET https://cloudfunctions.googleapis.com/v1/operations/a3BpLXdlYi1sYWItMi91cy1jZW50cmFsMS9zZW5kbWFpbC9qb1Q3UGVJYjFRdw 200
[debug] [2021-10-23T18:22:34.938Z] <<< [apiv2][body] GET https://cloudfunctions.googleapis.com/v1/operations/a3BpLXdlYi1sYWItMi91cy1jZW50cmFsMS9zZW5kbWFpbC9qb1Q3UGVJYjFRdw {"name":"operations/a3BpLXdlYi1sYWItMi91cy1jZW50cmFsMS9zZW5kbWFpbC9qb1Q3UGVJYjFRdw","metadata":{"@type":"type.googleapis.com/google.cloud.functions.v1.OperationMetadataV1","target":"projects/kpi-web-lab-2/locations/us-central1/functions/sendmail","type":"CREATE_FUNCTION","request":{"@type":"type.googleapis.com/google.cloud.functions.v1.CloudFunction","name":"projects/kpi-web-lab-2/locations/us-central1/functions/sendmail","httpsTrigger":{},"entryPoint":"sendmail","labels":{"deployment-tool":"cli-firebase"},"sourceUploadUrl":"https://storage.googleapis.com/gcf-upload-us-central1-5ba75745-db9b-451d-be59-a7948d8bc26c/4a857001-aa22-4c4e-a2df-9ed7368efc21.zip?GoogleAccessId=service-884981189586@gcf-admin-robot.iam.gserviceaccount.com&Expires=1635015153&Signature=fyXD2NFrkUnuh6WJYtrld%2Fl7EoUSgBQtXFBQjqOzI%2FN9459Aydfw9e7VbbgaNJMDX2jGRT%2F535fktNJZD5UWpwQDbwf%2F19EBoT2mj1p5Whw3EvcJt2brlhoUnB3UhKoNI%2Fz7uKA1wdxrE2dvA3fIqcZG4Trir6H443e7XIqpO5g2q%2BHYslVW2BNnhhh6XPSiODjkfLOu5QbzC7O2GtEUAEb%2F%2Fiym10UEXtN0kw8prQUIaCxDx6ohFy9HfGfsEiM1P80qkINqybdf6n5V4YBqCWGHgvT6UTRokMkCiiPwLHuY9MH%2BQUo42F8apEyGgpxbpST9EN5CXylo%2FAAWXoe8Cw%3D%3D","environmentVariables":{"FIREBASE_CONFIG":"{\"projectId\":\"kpi-web-lab-2\",\"storageBucket\":\"kpi-web-lab-2.appspot.com\"}","GCLOUD_PROJECT":"kpi-web-lab-2"},"runtime":"nodejs14"},"versionId":"1","updateTime":"2021-10-23T18:22:34Z"}}
[debug] [2021-10-23T18:22:35.453Z] [create-projects/kpi-web-lab-2/locations/us-central1/functions/sendmail] Retrying task index 0
[debug] [2021-10-23T18:22:35.455Z] >>> [apiv2][query] GET https://cloudfunctions.googleapis.com/v1/operations/a3BpLXdlYi1sYWItMi91cy1jZW50cmFsMS9zZW5kbWFpbC9qb1Q3UGVJYjFRdw [none]
[debug] [2021-10-23T18:22:35.738Z] <<< [apiv2][status] GET https://cloudfunctions.googleapis.com/v1/operations/a3BpLXdlYi1sYWItMi91cy1jZW50cmFsMS9zZW5kbWFpbC9qb1Q3UGVJYjFRdw 200
[debug] [2021-10-23T18:22:35.738Z] <<< [apiv2][body] GET https://cloudfunctions.googleapis.com/v1/operations/a3BpLXdlYi1sYWItMi91cy1jZW50cmFsMS9zZW5kbWFpbC9qb1Q3UGVJYjFRdw {"name":"operations/a3BpLXdlYi1sYWItMi91cy1jZW50cmFsMS9zZW5kbWFpbC9qb1Q3UGVJYjFRdw","metadata":{"@type":"type.googleapis.com/google.cloud.functions.v1.OperationMetadataV1","target":"projects/kpi-web-lab-2/locations/us-central1/functions/sendmail","type":"CREATE_FUNCTION","request":{"@type":"type.googleapis.com/google.cloud.functions.v1.CloudFunction","name":"projects/kpi-web-lab-2/locations/us-central1/functions/sendmail","httpsTrigger":{},"entryPoint":"sendmail","labels":{"deployment-tool":"cli-firebase"},"sourceUploadUrl":"https://storage.googleapis.com/gcf-upload-us-central1-5ba75745-db9b-451d-be59-a7948d8bc26c/4a857001-aa22-4c4e-a2df-9ed7368efc21.zip?GoogleAccessId=service-884981189586@gcf-admin-robot.iam.gserviceaccount.com&Expires=1635015153&Signature=fyXD2NFrkUnuh6WJYtrld%2Fl7EoUSgBQtXFBQjqOzI%2FN9459Aydfw9e7VbbgaNJMDX2jGRT%2F535fktNJZD5UWpwQDbwf%2F19EBoT2mj1p5Whw3EvcJt2brlhoUnB3UhKoNI%2Fz7uKA1wdxrE2dvA3fIqcZG4Trir6H443e7XIqpO5g2q%2BHYslVW2BNnhhh6XPSiODjkfLOu5QbzC7O2GtEUAEb%2F%2Fiym10UEXtN0kw8prQUIaCxDx6ohFy9HfGfsEiM1P80qkINqybdf6n5V4YBqCWGHgvT6UTRokMkCiiPwLHuY9MH%2BQUo42F8apEyGgpxbpST9EN5CXylo%2FAAWXoe8Cw%3D%3D","environmentVariables":{"FIREBASE_CONFIG":"{\"projectId\":\"kpi-web-lab-2\",\"storageBucket\":\"kpi-web-lab-2.appspot.com\"}","GCLOUD_PROJECT":"kpi-web-lab-2"},"runtime":"nodejs14"},"versionId":"1","updateTime":"2021-10-23T18:22:34Z"}}
[debug] [2021-10-23T18:22:36.751Z] [create-projects/kpi-web-lab-2/locations/us-central1/functions/sendmail] Retrying task index 0
[debug] [2021-10-23T18:22:36.751Z] >>> [apiv2][query] GET https://cloudfunctions.googleapis.com/v1/operations/a3BpLXdlYi1sYWItMi91cy1jZW50cmFsMS9zZW5kbWFpbC9qb1Q3UGVJYjFRdw [none]
[debug] [2021-10-23T18:22:37.043Z] <<< [apiv2][status] GET https://cloudfunctions.googleapis.com/v1/operations/a3BpLXdlYi1sYWItMi91cy1jZW50cmFsMS9zZW5kbWFpbC9qb1Q3UGVJYjFRdw 200
[debug] [2021-10-23T18:22:37.043Z] <<< [apiv2][body] GET https://cloudfunctions.googleapis.com/v1/operations/a3BpLXdlYi1sYWItMi91cy1jZW50cmFsMS9zZW5kbWFpbC9qb1Q3UGVJYjFRdw {"name":"operations/a3BpLXdlYi1sYWItMi91cy1jZW50cmFsMS9zZW5kbWFpbC9qb1Q3UGVJYjFRdw","metadata":{"@type":"type.googleapis.com/google.cloud.functions.v1.OperationMetadataV1","target":"projects/kpi-web-lab-2/locations/us-central1/functions/sendmail","type":"CREATE_FUNCTION","request":{"@type":"type.googleapis.com/google.cloud.functions.v1.CloudFunction","name":"projects/kpi-web-lab-2/locations/us-central1/functions/sendmail","httpsTrigger":{},"entryPoint":"sendmail","labels":{"deployment-tool":"cli-firebase"},"sourceUploadUrl":"https://storage.googleapis.com/gcf-upload-us-central1-5ba75745-db9b-451d-be59-a7948d8bc26c/4a857001-aa22-4c4e-a2df-9ed7368efc21.zip?GoogleAccessId=service-884981189586@gcf-admin-robot.iam.gserviceaccount.com&Expires=1635015153&Signature=fyXD2NFrkUnuh6WJYtrld%2Fl7EoUSgBQtXFBQjqOzI%2FN9459Aydfw9e7VbbgaNJMDX2jGRT%2F535fktNJZD5UWpwQDbwf%2F19EBoT2mj1p5Whw3EvcJt2brlhoUnB3UhKoNI%2Fz7uKA1wdxrE2dvA3fIqcZG4Trir6H443e7XIqpO5g2q%2BHYslVW2BNnhhh6XPSiODjkfLOu5QbzC7O2GtEUAEb%2F%2Fiym10UEXtN0kw8prQUIaCxDx6ohFy9HfGfsEiM1P80qkINqybdf6n5V4YBqCWGHgvT6UTRokMkCiiPwLHuY9MH%2BQUo42F8apEyGgpxbpST9EN5CXylo%2FAAWXoe8Cw%3D%3D","environmentVariables":{"FIREBASE_CONFIG":"{\"projectId\":\"kpi-web-lab-2\",\"storageBucket\":\"kpi-web-lab-2.appspot.com\"}","GCLOUD_PROJECT":"kpi-web-lab-2"},"runtime":"nodejs14"},"versionId":"1","updateTime":"2021-10-23T18:22:34Z","buildId":"354d9839-91c3-4c36-a294-842e570ffb16","buildName":"projects/884981189586/locations/us-central1/builds/354d9839-91c3-4c36-a294-842e570ffb16"}}
[debug] [2021-10-23T18:22:39.049Z] [create-projects/kpi-web-lab-2/locations/us-central1/functions/sendmail] Retrying task index 0
[debug] [2021-10-23T18:22:39.050Z] >>> [apiv2][query] GET https://cloudfunctions.googleapis.com/v1/operations/a3BpLXdlYi1sYWItMi91cy1jZW50cmFsMS9zZW5kbWFpbC9qb1Q3UGVJYjFRdw [none]
[debug] [2021-10-23T18:22:39.358Z] <<< [apiv2][status] GET https://cloudfunctions.googleapis.com/v1/operations/a3BpLXdlYi1sYWItMi91cy1jZW50cmFsMS9zZW5kbWFpbC9qb1Q3UGVJYjFRdw 200
[debug] [2021-10-23T18:22:39.358Z] <<< [apiv2][body] GET https://cloudfunctions.googleapis.com/v1/operations/a3BpLXdlYi1sYWItMi91cy1jZW50cmFsMS9zZW5kbWFpbC9qb1Q3UGVJYjFRdw {"name":"operations/a3BpLXdlYi1sYWItMi91cy1jZW50cmFsMS9zZW5kbWFpbC9qb1Q3UGVJYjFRdw","metadata":{"@type":"type.googleapis.com/google.cloud.functions.v1.OperationMetadataV1","target":"projects/kpi-web-lab-2/locations/us-central1/functions/sendmail","type":"CREATE_FUNCTION","request":{"@type":"type.googleapis.com/google.cloud.functions.v1.CloudFunction","name":"projects/kpi-web-lab-2/locations/us-central1/functions/sendmail","httpsTrigger":{},"entryPoint":"sendmail","labels":{"deployment-tool":"cli-firebase"},"sourceUploadUrl":"https://storage.googleapis.com/gcf-upload-us-central1-5ba75745-db9b-451d-be59-a7948d8bc26c/4a857001-aa22-4c4e-a2df-9ed7368efc21.zip?GoogleAccessId=service-884981189586@gcf-admin-robot.iam.gserviceaccount.com&Expires=1635015153&Signature=fyXD2NFrkUnuh6WJYtrld%2Fl7EoUSgBQtXFBQjqOzI%2FN9459Aydfw9e7VbbgaNJMDX2jGRT%2F535fktNJZD5UWpwQDbwf%2F19EBoT2mj1p5Whw3EvcJt2brlhoUnB3UhKoNI%2Fz7uKA1wdxrE2dvA3fIqcZG4Trir6H443e7XIqpO5g2q%2BHYslVW2BNnhhh6XPSiODjkfLOu5QbzC7O2GtEUAEb%2F%2Fiym10UEXtN0kw8prQUIaCxDx6ohFy9HfGfsEiM1P80qkINqybdf6n5V4YBqCWGHgvT6UTRokMkCiiPwLHuY9MH%2BQUo42F8apEyGgpxbpST9EN5CXylo%2FAAWXoe8Cw%3D%3D","environmentVariables":{"FIREBASE_CONFIG":"{\"projectId\":\"kpi-web-lab-2\",\"storageBucket\":\"kpi-web-lab-2.appspot.com\"}","GCLOUD_PROJECT":"kpi-web-lab-2"},"runtime":"nodejs14"},"versionId":"1","updateTime":"2021-10-23T18:22:34Z","buildId":"354d9839-91c3-4c36-a294-842e570ffb16","buildName":"projects/884981189586/locations/us-central1/builds/354d9839-91c3-4c36-a294-842e570ffb16"}}
[debug] [2021-10-23T18:22:43.372Z] [create-projects/kpi-web-lab-2/locations/us-central1/functions/sendmail] Retrying task index 0
[debug] [2021-10-23T18:22:43.373Z] >>> [apiv2][query] GET https://cloudfunctions.googleapis.com/v1/operations/a3BpLXdlYi1sYWItMi91cy1jZW50cmFsMS9zZW5kbWFpbC9qb1Q3UGVJYjFRdw [none]
[debug] [2021-10-23T18:22:43.625Z] <<< [apiv2][status] GET https://cloudfunctions.googleapis.com/v1/operations/a3BpLXdlYi1sYWItMi91cy1jZW50cmFsMS9zZW5kbWFpbC9qb1Q3UGVJYjFRdw 200
[debug] [2021-10-23T18:22:43.625Z] <<< [apiv2][body] GET https://cloudfunctions.googleapis.com/v1/operations/a3BpLXdlYi1sYWItMi91cy1jZW50cmFsMS9zZW5kbWFpbC9qb1Q3UGVJYjFRdw {"name":"operations/a3BpLXdlYi1sYWItMi91cy1jZW50cmFsMS9zZW5kbWFpbC9qb1Q3UGVJYjFRdw","metadata":{"@type":"type.googleapis.com/google.cloud.functions.v1.OperationMetadataV1","target":"projects/kpi-web-lab-2/locations/us-central1/functions/sendmail","type":"CREATE_FUNCTION","request":{"@type":"type.googleapis.com/google.cloud.functions.v1.CloudFunction","name":"projects/kpi-web-lab-2/locations/us-central1/functions/sendmail","httpsTrigger":{},"entryPoint":"sendmail","labels":{"deployment-tool":"cli-firebase"},"sourceUploadUrl":"https://storage.googleapis.com/gcf-upload-us-central1-5ba75745-db9b-451d-be59-a7948d8bc26c/4a857001-aa22-4c4e-a2df-9ed7368efc21.zip?GoogleAccessId=service-884981189586@gcf-admin-robot.iam.gserviceaccount.com&Expires=1635015153&Signature=fyXD2NFrkUnuh6WJYtrld%2Fl7EoUSgBQtXFBQjqOzI%2FN9459Aydfw9e7VbbgaNJMDX2jGRT%2F535fktNJZD5UWpwQDbwf%2F19EBoT2mj1p5Whw3EvcJt2brlhoUnB3UhKoNI%2Fz7uKA1wdxrE2dvA3fIqcZG4Trir6H443e7XIqpO5g2q%2BHYslVW2BNnhhh6XPSiODjkfLOu5QbzC7O2GtEUAEb%2F%2Fiym10UEXtN0kw8prQUIaCxDx6ohFy9HfGfsEiM1P80qkINqybdf6n5V4YBqCWGHgvT6UTRokMkCiiPwLHuY9MH%2BQUo42F8apEyGgpxbpST9EN5CXylo%2FAAWXoe8Cw%3D%3D","environmentVariables":{"FIREBASE_CONFIG":"{\"projectId\":\"kpi-web-lab-2\",\"storageBucket\":\"kpi-web-lab-2.appspot.com\"}","GCLOUD_PROJECT":"kpi-web-lab-2"},"runtime":"nodejs14"},"versionId":"1","updateTime":"2021-10-23T18:22:34Z","buildId":"354d9839-91c3-4c36-a294-842e570ffb16","buildName":"projects/884981189586/locations/us-central1/builds/354d9839-91c3-4c36-a294-842e570ffb16"}}
[debug] [2021-10-23T18:22:51.626Z] [create-projects/kpi-web-lab-2/locations/us-central1/functions/sendmail] Retrying task index 0
[debug] [2021-10-23T18:22:51.626Z] >>> [apiv2][query] GET https://cloudfunctions.googleapis.com/v1/operations/a3BpLXdlYi1sYWItMi91cy1jZW50cmFsMS9zZW5kbWFpbC9qb1Q3UGVJYjFRdw [none]
[debug] [2021-10-23T18:22:51.918Z] <<< [apiv2][status] GET https://cloudfunctions.googleapis.com/v1/operations/a3BpLXdlYi1sYWItMi91cy1jZW50cmFsMS9zZW5kbWFpbC9qb1Q3UGVJYjFRdw 200
[debug] [2021-10-23T18:22:51.918Z] <<< [apiv2][body] GET https://cloudfunctions.googleapis.com/v1/operations/a3BpLXdlYi1sYWItMi91cy1jZW50cmFsMS9zZW5kbWFpbC9qb1Q3UGVJYjFRdw {"name":"operations/a3BpLXdlYi1sYWItMi91cy1jZW50cmFsMS9zZW5kbWFpbC9qb1Q3UGVJYjFRdw","metadata":{"@type":"type.googleapis.com/google.cloud.functions.v1.OperationMetadataV1","target":"projects/kpi-web-lab-2/locations/us-central1/functions/sendmail","type":"CREATE_FUNCTION","request":{"@type":"type.googleapis.com/google.cloud.functions.v1.CloudFunction","name":"projects/kpi-web-lab-2/locations/us-central1/functions/sendmail","httpsTrigger":{},"entryPoint":"sendmail","labels":{"deployment-tool":"cli-firebase"},"sourceUploadUrl":"https://storage.googleapis.com/gcf-upload-us-central1-5ba75745-db9b-451d-be59-a7948d8bc26c/4a857001-aa22-4c4e-a2df-9ed7368efc21.zip?GoogleAccessId=service-884981189586@gcf-admin-robot.iam.gserviceaccount.com&Expires=1635015153&Signature=fyXD2NFrkUnuh6WJYtrld%2Fl7EoUSgBQtXFBQjqOzI%2FN9459Aydfw9e7VbbgaNJMDX2jGRT%2F535fktNJZD5UWpwQDbwf%2F19EBoT2mj1p5Whw3EvcJt2brlhoUnB3UhKoNI%2Fz7uKA1wdxrE2dvA3fIqcZG4Trir6H443e7XIqpO5g2q%2BHYslVW2BNnhhh6XPSiODjkfLOu5QbzC7O2GtEUAEb%2F%2Fiym10UEXtN0kw8prQUIaCxDx6ohFy9HfGfsEiM1P80qkINqybdf6n5V4YBqCWGHgvT6UTRokMkCiiPwLHuY9MH%2BQUo42F8apEyGgpxbpST9EN5CXylo%2FAAWXoe8Cw%3D%3D","environmentVariables":{"FIREBASE_CONFIG":"{\"projectId\":\"kpi-web-lab-2\",\"storageBucket\":\"kpi-web-lab-2.appspot.com\"}","GCLOUD_PROJECT":"kpi-web-lab-2"},"runtime":"nodejs14"},"versionId":"1","updateTime":"2021-10-23T18:22:34Z","buildId":"354d9839-91c3-4c36-a294-842e570ffb16","buildName":"projects/884981189586/locations/us-central1/builds/354d9839-91c3-4c36-a294-842e570ffb16"}}
[debug] [2021-10-23T18:23:07.921Z] [create-projects/kpi-web-lab-2/locations/us-central1/functions/sendmail] Retrying task index 0
[debug] [2021-10-23T18:23:07.921Z] >>> [apiv2][query] GET https://cloudfunctions.googleapis.com/v1/operations/a3BpLXdlYi1sYWItMi91cy1jZW50cmFsMS9zZW5kbWFpbC9qb1Q3UGVJYjFRdw [none]
[debug] [2021-10-23T18:23:08.218Z] <<< [apiv2][status] GET https://cloudfunctions.googleapis.com/v1/operations/a3BpLXdlYi1sYWItMi91cy1jZW50cmFsMS9zZW5kbWFpbC9qb1Q3UGVJYjFRdw 200
[debug] [2021-10-23T18:23:08.218Z] <<< [apiv2][body] GET https://cloudfunctions.googleapis.com/v1/operations/a3BpLXdlYi1sYWItMi91cy1jZW50cmFsMS9zZW5kbWFpbC9qb1Q3UGVJYjFRdw {"name":"operations/a3BpLXdlYi1sYWItMi91cy1jZW50cmFsMS9zZW5kbWFpbC9qb1Q3UGVJYjFRdw","metadata":{"@type":"type.googleapis.com/google.cloud.functions.v1.OperationMetadataV1","target":"projects/kpi-web-lab-2/locations/us-central1/functions/sendmail","type":"CREATE_FUNCTION","request":{"@type":"type.googleapis.com/google.cloud.functions.v1.CloudFunction","name":"projects/kpi-web-lab-2/locations/us-central1/functions/sendmail","httpsTrigger":{},"entryPoint":"sendmail","labels":{"deployment-tool":"cli-firebase"},"sourceUploadUrl":"https://storage.googleapis.com/gcf-upload-us-central1-5ba75745-db9b-451d-be59-a7948d8bc26c/4a857001-aa22-4c4e-a2df-9ed7368efc21.zip?GoogleAccessId=service-884981189586@gcf-admin-robot.iam.gserviceaccount.com&Expires=1635015153&Signature=fyXD2NFrkUnuh6WJYtrld%2Fl7EoUSgBQtXFBQjqOzI%2FN9459Aydfw9e7VbbgaNJMDX2jGRT%2F535fktNJZD5UWpwQDbwf%2F19EBoT2mj1p5Whw3EvcJt2brlhoUnB3UhKoNI%2Fz7uKA1wdxrE2dvA3fIqcZG4Trir6H443e7XIqpO5g2q%2BHYslVW2BNnhhh6XPSiODjkfLOu5QbzC7O2GtEUAEb%2F%2Fiym10UEXtN0kw8prQUIaCxDx6ohFy9HfGfsEiM1P80qkINqybdf6n5V4YBqCWGHgvT6UTRokMkCiiPwLHuY9MH%2BQUo42F8apEyGgpxbpST9EN5CXylo%2FAAWXoe8Cw%3D%3D","environmentVariables":{"FIREBASE_CONFIG":"{\"projectId\":\"kpi-web-lab-2\",\"storageBucket\":\"kpi-web-lab-2.appspot.com\"}","GCLOUD_PROJECT":"kpi-web-lab-2"},"runtime":"nodejs14"},"versionId":"1","updateTime":"2021-10-23T18:22:34Z","buildId":"354d9839-91c3-4c36-a294-842e570ffb16","buildName":"projects/884981189586/locations/us-central1/builds/354d9839-91c3-4c36-a294-842e570ffb16"}}
[debug] [2021-10-23T18:23:40.234Z] [create-projects/kpi-web-lab-2/locations/us-central1/functions/sendmail] Retrying task index 0
[debug] [2021-10-23T18:23:40.234Z] >>> [apiv2][query] GET https://cloudfunctions.googleapis.com/v1/operations/a3BpLXdlYi1sYWItMi91cy1jZW50cmFsMS9zZW5kbWFpbC9qb1Q3UGVJYjFRdw [none]
[debug] [2021-10-23T18:23:40.535Z] <<< [apiv2][status] GET https://cloudfunctions.googleapis.com/v1/operations/a3BpLXdlYi1sYWItMi91cy1jZW50cmFsMS9zZW5kbWFpbC9qb1Q3UGVJYjFRdw 200
[debug] [2021-10-23T18:23:40.535Z] <<< [apiv2][body] GET https://cloudfunctions.googleapis.com/v1/operations/a3BpLXdlYi1sYWItMi91cy1jZW50cmFsMS9zZW5kbWFpbC9qb1Q3UGVJYjFRdw {"name":"operations/a3BpLXdlYi1sYWItMi91cy1jZW50cmFsMS9zZW5kbWFpbC9qb1Q3UGVJYjFRdw","metadata":{"@type":"type.googleapis.com/google.cloud.functions.v1.OperationMetadataV1","target":"projects/kpi-web-lab-2/locations/us-central1/functions/sendmail","type":"CREATE_FUNCTION","request":{"@type":"type.googleapis.com/google.cloud.functions.v1.CloudFunction","name":"projects/kpi-web-lab-2/locations/us-central1/functions/sendmail","httpsTrigger":{},"entryPoint":"sendmail","labels":{"deployment-tool":"cli-firebase"},"sourceUploadUrl":"https://storage.googleapis.com/gcf-upload-us-central1-5ba75745-db9b-451d-be59-a7948d8bc26c/4a857001-aa22-4c4e-a2df-9ed7368efc21.zip?GoogleAccessId=service-884981189586@gcf-admin-robot.iam.gserviceaccount.com&Expires=1635015153&Signature=fyXD2NFrkUnuh6WJYtrld%2Fl7EoUSgBQtXFBQjqOzI%2FN9459Aydfw9e7VbbgaNJMDX2jGRT%2F535fktNJZD5UWpwQDbwf%2F19EBoT2mj1p5Whw3EvcJt2brlhoUnB3UhKoNI%2Fz7uKA1wdxrE2dvA3fIqcZG4Trir6H443e7XIqpO5g2q%2BHYslVW2BNnhhh6XPSiODjkfLOu5QbzC7O2GtEUAEb%2F%2Fiym10UEXtN0kw8prQUIaCxDx6ohFy9HfGfsEiM1P80qkINqybdf6n5V4YBqCWGHgvT6UTRokMkCiiPwLHuY9MH%2BQUo42F8apEyGgpxbpST9EN5CXylo%2FAAWXoe8Cw%3D%3D","environmentVariables":{"FIREBASE_CONFIG":"{\"projectId\":\"kpi-web-lab-2\",\"storageBucket\":\"kpi-web-lab-2.appspot.com\"}","GCLOUD_PROJECT":"kpi-web-lab-2"},"runtime":"nodejs14"},"versionId":"1","updateTime":"2021-10-23T18:22:34Z","buildId":"354d9839-91c3-4c36-a294-842e570ffb16","buildName":"projects/884981189586/locations/us-central1/builds/354d9839-91c3-4c36-a294-842e570ffb16"}}
