[debug] [2021-12-28T23:19:26.425Z] ----------------------------------------------------------------------
[debug] [2021-12-28T23:19:26.427Z] Command:       C:\Program Files\nodejs\node.exe E:\Education\Web\Lab1\WebDevLabs\functions\node_modules\firebase-tools\lib\bin\firebase.js emulators:start --only functions
[debug] [2021-12-28T23:19:26.428Z] CLI Version:   9.23.3
[debug] [2021-12-28T23:19:26.428Z] Platform:      win32
[debug] [2021-12-28T23:19:26.428Z] Node Version:  v14.17.6
[debug] [2021-12-28T23:19:26.429Z] Time:          Wed Dec 29 2021 01:19:26 GMT+0200 (Eastern European Standard Time)
[debug] [2021-12-28T23:19:26.429Z] ----------------------------------------------------------------------
[debug] 
[debug] [2021-12-28T23:19:26.519Z] > command requires scopes: ["email","openid","https://www.googleapis.com/auth/cloudplatformprojects.readonly","https://www.googleapis.com/auth/firebase","https://www.googleapis.com/auth/cloud-platform"]
[debug] [2021-12-28T23:19:26.519Z] > authorizing via signed-in user (danilsmy.edu@gmail.com)
[info] i  emulators: Starting emulators: functions {"metadata":{"emulator":{"name":"hub"},"message":"Starting emulators: functions"}}
[debug] [2021-12-28T23:19:26.537Z] [hub] writing locator at C:\Users\asus\AppData\Local\Temp\hub-kpi-web-lab-2.json
[warn] !  functions: The following emulators are not running, calls to these services from the Functions emulator will affect production: auth, firestore, database, hosting, pubsub, storage {"metadata":{"emulator":{"name":"functions"},"message":"The following emulators are not running, calls to these services from the Functions emulator will affect production: \u001b[1mauth, firestore, database, hosting, pubsub, storage\u001b[22m"}}
[info] +  functions: Using node@14 from host. {"metadata":{"emulator":{"name":"functions"},"message":"Using node@14 from host."}}
[debug] [2021-12-28T23:19:26.557Z] defaultcredentials: writing to file C:\Users\asus\AppData\Roaming\firebase\danilsmy_edu_gmail.com_application_default_credentials.json
[debug] [2021-12-28T23:19:26.558Z] Setting GAC to C:\Users\asus\AppData\Roaming\firebase\danilsmy_edu_gmail.com_application_default_credentials.json {"metadata":{"emulator":{"name":"functions"},"message":"Setting GAC to C:\\Users\\asus\\AppData\\Roaming\\firebase\\danilsmy_edu_gmail.com_application_default_credentials.json"}}
[debug] [2021-12-28T23:19:26.561Z] > refreshing access token with scopes: []
[debug] [2021-12-28T23:19:26.562Z] >>> HTTP REQUEST POST https://www.googleapis.com/oauth2/v3/token  
 <request body omitted>
[debug] [2021-12-28T23:19:26.843Z] <<< HTTP RESPONSE 200 {"cache-control":"no-cache, no-store, max-age=0, must-revalidate","date":"Tue, 28 Dec 2021 23:19:26 GMT","pragma":"no-cache","expires":"Mon, 01 Jan 1990 00:00:00 GMT","content-type":"application/json; charset=utf-8","vary":"X-Origin, Referer, Origin,Accept-Encoding","server":"scaffolding on HTTPServer2","x-xss-protection":"0","x-frame-options":"SAMEORIGIN","x-content-type-options":"nosniff","alt-svc":"h3=\":443\"; ma=2592000,h3-29=\":443\"; ma=2592000,h3-Q050=\":443\"; ma=2592000,h3-Q046=\":443\"; ma=2592000,h3-Q043=\":443\"; ma=2592000,quic=\":443\"; ma=2592000; v=\"46,43\"","accept-ranges":"none","transfer-encoding":"chunked"}
[debug] [2021-12-28T23:19:26.853Z] >>> [apiv2][query] GET https://firebase.googleapis.com/v1beta1/projects/kpi-web-lab-2/adminSdkConfig [none]
[debug] [2021-12-28T23:19:27.251Z] <<< [apiv2][status] GET https://firebase.googleapis.com/v1beta1/projects/kpi-web-lab-2/adminSdkConfig 200
[debug] [2021-12-28T23:19:27.252Z] <<< [apiv2][body] GET https://firebase.googleapis.com/v1beta1/projects/kpi-web-lab-2/adminSdkConfig {"projectId":"kpi-web-lab-2","storageBucket":"kpi-web-lab-2.appspot.com"}
[warn] !  ui: Emulator UI unable to start on port 4000, starting on 4001 instead. {"metadata":{"emulator":{"name":"ui"},"message":"Emulator UI unable to start on port 4000, starting on 4001 instead."}}
[debug] [2021-12-28T23:19:27.300Z] Ignoring unsupported arg: auto_download {"metadata":{"emulator":{"name":"ui"},"message":"Ignoring unsupported arg: auto_download"}}
[debug] [2021-12-28T23:19:27.300Z] Ignoring unsupported arg: port {"metadata":{"emulator":{"name":"ui"},"message":"Ignoring unsupported arg: port"}}
[debug] [2021-12-28T23:19:27.300Z] Starting Emulator UI with command {"binary":"node","args":["C:\\Users\\asus\\.cache\\firebase\\emulators\\ui-v1.6.4\\server.bundle.js"],"optionalArgs":[],"joinArgs":false} {"metadata":{"emulator":{"name":"ui"},"message":"Starting Emulator UI with command {\"binary\":\"node\",\"args\":[\"C:\\\\Users\\\\asus\\\\.cache\\\\firebase\\\\emulators\\\\ui-v1.6.4\\\\server.bundle.js\"],\"optionalArgs\":[],\"joinArgs\":false}"}}
[info] i  ui: Emulator UI logging to ui-debug.log {"metadata":{"emulator":{"name":"ui"},"message":"Emulator UI logging to \u001b[1mui-debug.log\u001b[22m"}}
[debug] [2021-12-28T23:19:27.457Z] Web / API server started at localhost:4001
 {"metadata":{"emulator":{"name":"ui"},"message":"Web / API server started at localhost:4001\n"}}
[info] i  functions: Watching "E:\Education\Web\Lab1\WebDevLabs\functions" for Cloud Functions... {"metadata":{"emulator":{"name":"functions"},"message":"Watching \"E:\\Education\\Web\\Lab1\\WebDevLabs\\functions\" for Cloud Functions..."}}
[debug] [2021-12-28T23:19:27.587Z] [worker-pool] addWorker(~diagnostic~) {"metadata":{"emulator":{"name":"functions"},"message":"[worker-pool] addWorker(~diagnostic~)"}}
[debug] [2021-12-28T23:19:27.588Z] [worker-pool] Adding worker with key ~diagnostic~, total=1 {"metadata":{"emulator":{"name":"functions"},"message":"[worker-pool] Adding worker with key ~diagnostic~, total=1"}}
[debug] [2021-12-28T23:19:27.588Z] [worker-pool] submitWork(triggerId=) {"metadata":{"emulator":{"name":"functions"},"message":"[worker-pool] submitWork(triggerId=)"}}
[debug] [2021-12-28T23:19:27.588Z] [worker-~diagnostic~-3386bebd-7661-4789-8255-5f98d1d118e8]: Assigning socketPath: \\?\pipe\E:\Education\Web\Lab1\WebDevLabs\functions\28000 {"metadata":{"emulator":{"name":"functions"},"message":"[worker-~diagnostic~-3386bebd-7661-4789-8255-5f98d1d118e8]: Assigning socketPath: \\\\?\\pipe\\E:\\Education\\Web\\Lab1\\WebDevLabs\\functions\\28000"}}
[debug] [2021-12-28T23:19:27.589Z] [worker-~diagnostic~-3386bebd-7661-4789-8255-5f98d1d118e8]: BUSY {"metadata":{"emulator":{"name":"functions"},"message":"[worker-~diagnostic~-3386bebd-7661-4789-8255-5f98d1d118e8]: BUSY"}}
[debug] [2021-12-28T23:19:27.913Z] [runtime-status] [28000] Functions runtime initialized. {"cwd":"E:\\Education\\Web\\Lab1\\WebDevLabs\\functions","node_version":"14.17.6"} {"metadata":{"emulator":{"name":"functions"},"message":"[runtime-status] [28000] Functions runtime initialized. {\"cwd\":\"E:\\\\Education\\\\Web\\\\Lab1\\\\WebDevLabs\\\\functions\",\"node_version\":\"14.17.6\"}"}}
[debug] [2021-12-28T23:19:27.915Z] [runtime-status] [28000] Disabled runtime features: undefined {"metadata":{"emulator":{"name":"functions"},"message":"[runtime-status] [28000] Disabled runtime features: undefined"}}
[debug] [2021-12-28T23:19:27.920Z] [runtime-status] [28000] Resolved module firebase-admin {"declared":true,"installed":true,"version":"9.12.0","resolution":"E:\\Education\\Web\\Lab1\\WebDevLabs\\functions\\node_modules\\firebase-admin\\lib\\index.js"} {"metadata":{"emulator":{"name":"functions"},"message":"[runtime-status] [28000] Resolved module firebase-admin {\"declared\":true,\"installed\":true,\"version\":\"9.12.0\",\"resolution\":\"E:\\\\Education\\\\Web\\\\Lab1\\\\WebDevLabs\\\\functions\\\\node_modules\\\\firebase-admin\\\\lib\\\\index.js\"}"}}
[debug] [2021-12-28T23:19:27.925Z] [runtime-status] [28000] Resolved module firebase-functions {"declared":true,"installed":true,"version":"3.16.0","resolution":"E:\\Education\\Web\\Lab1\\WebDevLabs\\functions\\node_modules\\firebase-functions\\lib\\index.js"} {"metadata":{"emulator":{"name":"functions"},"message":"[runtime-status] [28000] Resolved module firebase-functions {\"declared\":true,\"installed\":true,\"version\":\"3.16.0\",\"resolution\":\"E:\\\\Education\\\\Web\\\\Lab1\\\\WebDevLabs\\\\functions\\\\node_modules\\\\firebase-functions\\\\lib\\\\index.js\"}"}}
[debug] [2021-12-28T23:19:27.928Z] [runtime-status] [28000] Outgoing network have been stubbed. [{"name":"http","status":"mocked"},{"name":"http","status":"mocked"},{"name":"https","status":"mocked"},{"name":"https","status":"mocked"},{"name":"net","status":"mocked"}] {"metadata":{"emulator":{"name":"functions"},"message":"[runtime-status] [28000] Outgoing network have been stubbed. [{\"name\":\"http\",\"status\":\"mocked\"},{\"name\":\"http\",\"status\":\"mocked\"},{\"name\":\"https\",\"status\":\"mocked\"},{\"name\":\"https\",\"status\":\"mocked\"},{\"name\":\"net\",\"status\":\"mocked\"}]"}}
[debug] [2021-12-28T23:19:27.930Z] [runtime-status] [28000] Resolved module firebase-functions {"declared":true,"installed":true,"version":"3.16.0","resolution":"E:\\Education\\Web\\Lab1\\WebDevLabs\\functions\\node_modules\\firebase-functions\\lib\\index.js"} {"metadata":{"emulator":{"name":"functions"},"message":"[runtime-status] [28000] Resolved module firebase-functions {\"declared\":true,\"installed\":true,\"version\":\"3.16.0\",\"resolution\":\"E:\\\\Education\\\\Web\\\\Lab1\\\\WebDevLabs\\\\functions\\\\node_modules\\\\firebase-functions\\\\lib\\\\index.js\"}"}}
[debug] [2021-12-28T23:19:28.003Z] [runtime-status] [28000] Checked functions.config() {"config":{"mail":{"login":"avakovkakarsen@gmail.com","host":"smtp.gmail.com","port":"587","pass":"shJvg-bdh-2237hdj","to":"danilsmy.edu@gmail.com"}}} {"metadata":{"emulator":{"name":"functions"},"message":"[runtime-status] [28000] Checked functions.config() {\"config\":{\"mail\":{\"login\":\"avakovkakarsen@gmail.com\",\"host\":\"smtp.gmail.com\",\"port\":\"587\",\"pass\":\"shJvg-bdh-2237hdj\",\"to\":\"danilsmy.edu@gmail.com\"}}}"}}
[debug] [2021-12-28T23:19:28.004Z] [runtime-status] [28000] firebase-functions has been stubbed. {"functionsResolution":{"declared":true,"installed":true,"version":"3.16.0","resolution":"E:\\Education\\Web\\Lab1\\WebDevLabs\\functions\\node_modules\\firebase-functions\\lib\\index.js"}} {"metadata":{"emulator":{"name":"functions"},"message":"[runtime-status] [28000] firebase-functions has been stubbed. {\"functionsResolution\":{\"declared\":true,\"installed\":true,\"version\":\"3.16.0\",\"resolution\":\"E:\\\\Education\\\\Web\\\\Lab1\\\\WebDevLabs\\\\functions\\\\node_modules\\\\firebase-functions\\\\lib\\\\index.js\"}}"}}
[debug] [2021-12-28T23:19:28.004Z] [runtime-status] [28000] Resolved module firebase-functions {"declared":true,"installed":true,"version":"3.16.0","resolution":"E:\\Education\\Web\\Lab1\\WebDevLabs\\functions\\node_modules\\firebase-functions\\lib\\index.js"} {"metadata":{"emulator":{"name":"functions"},"message":"[runtime-status] [28000] Resolved module firebase-functions {\"declared\":true,\"installed\":true,\"version\":\"3.16.0\",\"resolution\":\"E:\\\\Education\\\\Web\\\\Lab1\\\\WebDevLabs\\\\functions\\\\node_modules\\\\firebase-functions\\\\lib\\\\index.js\"}"}}
[debug] [2021-12-28T23:19:28.005Z] [runtime-status] [28000] Resolved module firebase-admin {"declared":true,"installed":true,"version":"9.12.0","resolution":"E:\\Education\\Web\\Lab1\\WebDevLabs\\functions\\node_modules\\firebase-admin\\lib\\index.js"} {"metadata":{"emulator":{"name":"functions"},"message":"[runtime-status] [28000] Resolved module firebase-admin {\"declared\":true,\"installed\":true,\"version\":\"9.12.0\",\"resolution\":\"E:\\\\Education\\\\Web\\\\Lab1\\\\WebDevLabs\\\\functions\\\\node_modules\\\\firebase-admin\\\\lib\\\\index.js\"}"}}
[debug] [2021-12-28T23:19:28.005Z] [runtime-status] [28000] Resolved module firebase-functions {"declared":true,"installed":true,"version":"3.16.0","resolution":"E:\\Education\\Web\\Lab1\\WebDevLabs\\functions\\node_modules\\firebase-functions\\lib\\index.js"} {"metadata":{"emulator":{"name":"functions"},"message":"[runtime-status] [28000] Resolved module firebase-functions {\"declared\":true,\"installed\":true,\"version\":\"3.16.0\",\"resolution\":\"E:\\\\Education\\\\Web\\\\Lab1\\\\WebDevLabs\\\\functions\\\\node_modules\\\\firebase-functions\\\\lib\\\\index.js\"}"}}
[debug] [2021-12-28T23:19:28.006Z] [runtime-status] [28000] firebase-admin has been stubbed. {"adminResolution":{"declared":true,"installed":true,"version":"9.12.0","resolution":"E:\\Education\\Web\\Lab1\\WebDevLabs\\functions\\node_modules\\firebase-admin\\lib\\index.js"}} {"metadata":{"emulator":{"name":"functions"},"message":"[runtime-status] [28000] firebase-admin has been stubbed. {\"adminResolution\":{\"declared\":true,\"installed\":true,\"version\":\"9.12.0\",\"resolution\":\"E:\\\\Education\\\\Web\\\\Lab1\\\\WebDevLabs\\\\functions\\\\node_modules\\\\firebase-admin\\\\lib\\\\index.js\"}}"}}
[info] >  { {"user":"{","metadata":{"emulator":{"name":"functions"},"message":"\u001b[90m> \u001b[39m {"}}
[info] >    mail: { {"user":"  mail: {","metadata":{"emulator":{"name":"functions"},"message":"\u001b[90m> \u001b[39m   mail: {"}}
[info] >      login: 'avakovkakarsen@gmail.com', {"user":"    login: 'avakovkakarsen@gmail.com',","metadata":{"emulator":{"name":"functions"},"message":"\u001b[90m> \u001b[39m     login: 'avakovkakarsen@gmail.com',"}}
[info] >      host: 'smtp.gmail.com', {"user":"    host: 'smtp.gmail.com',","metadata":{"emulator":{"name":"functions"},"message":"\u001b[90m> \u001b[39m     host: 'smtp.gmail.com',"}}
[info] >      port: '587', {"user":"    port: '587',","metadata":{"emulator":{"name":"functions"},"message":"\u001b[90m> \u001b[39m     port: '587',"}}
[info] >      pass: 'shJvg-bdh-2237hdj', {"user":"    pass: 'shJvg-bdh-2237hdj',","metadata":{"emulator":{"name":"functions"},"message":"\u001b[90m> \u001b[39m     pass: 'shJvg-bdh-2237hdj',"}}
[info] >      to: 'danilsmy.edu@gmail.com' {"user":"    to: 'danilsmy.edu@gmail.com'","metadata":{"emulator":{"name":"functions"},"message":"\u001b[90m> \u001b[39m     to: 'danilsmy.edu@gmail.com'"}}
[info] >    } {"user":"  }","metadata":{"emulator":{"name":"functions"},"message":"\u001b[90m> \u001b[39m   }"}}
[info] >  } {"user":"}","metadata":{"emulator":{"name":"functions"},"message":"\u001b[90m> \u001b[39m }"}}
[info] +  functions[us-central1-sendmail]: http function initialized (http://localhost:5001/kpi-web-lab-2/us-central1/sendmail). {"metadata":{"emulator":{"name":"functions"},"message":"\u001b[1mhttp\u001b[22m function initialized (http://localhost:5001/kpi-web-lab-2/us-central1/sendmail)."}}
[info] 
┌─────────────────────────────────────────────────────────────┐
│ ✔  All emulators ready! It is now safe to connect your app. │
│ i  View Emulator UI at http://localhost:4001                │
└─────────────────────────────────────────────────────────────┘

┌───────────┬────────────────┬─────────────────────────────────┐
│ Emulator  │ Host:Port      │ View in Emulator UI             │
├───────────┼────────────────┼─────────────────────────────────┤
│ Functions │ localhost:5001 │ http://localhost:4001/functions │
└───────────┴────────────────┴─────────────────────────────────┘
  Emulator Hub running at localhost:4400
  Other reserved ports: 4500

Issues? Report them at https://github.com/firebase/firebase-tools/issues and attach the *-debug.log files.
 
[debug] [2021-12-28T23:19:28.189Z] [worker-~diagnostic~-3386bebd-7661-4789-8255-5f98d1d118e8]: IDLE {"metadata":{"emulator":{"name":"functions"},"message":"[worker-~diagnostic~-3386bebd-7661-4789-8255-5f98d1d118e8]: IDLE"}}
[debug] [2021-12-28T23:19:42.048Z] [work-queue] {"queueLength":1,"workRunningCount":0}
[debug] [2021-12-28T23:19:42.049Z] [work-queue] {"queueLength":0,"workRunningCount":1}
[debug] [2021-12-28T23:19:42.049Z] Accepted request POST /kpi-web-lab-2/us-central1/sendmail/sendmail --> us-central1-sendmail
[debug] [2021-12-28T23:19:42.059Z] [worker-pool] addWorker(us-central1-sendmail) {"metadata":{"emulator":{"name":"functions"},"message":"[worker-pool] addWorker(us-central1-sendmail)"}}
[debug] [2021-12-28T23:19:42.059Z] [worker-pool] Adding worker with key us-central1-sendmail, total=1 {"metadata":{"emulator":{"name":"functions"},"message":"[worker-pool] Adding worker with key us-central1-sendmail, total=1"}}
[debug] [2021-12-28T23:19:42.059Z] [worker-pool] submitWork(triggerId=us-central1-sendmail) {"metadata":{"emulator":{"name":"functions"},"message":"[worker-pool] submitWork(triggerId=us-central1-sendmail)"}}
[debug] [2021-12-28T23:19:42.059Z] [worker-us-central1-sendmail-b6e8d5c3-c7e8-4b81-981d-faa7b9d77503]: Assigning socketPath: \\?\pipe\E:\Education\Web\Lab1\WebDevLabs\functions\29808 {"metadata":{"emulator":{"name":"functions"},"message":"[worker-us-central1-sendmail-b6e8d5c3-c7e8-4b81-981d-faa7b9d77503]: Assigning socketPath: \\\\?\\pipe\\E:\\Education\\Web\\Lab1\\WebDevLabs\\functions\\29808"}}
[debug] [2021-12-28T23:19:42.060Z] [worker-us-central1-sendmail-b6e8d5c3-c7e8-4b81-981d-faa7b9d77503]: BUSY {"metadata":{"emulator":{"name":"functions"},"message":"[worker-us-central1-sendmail-b6e8d5c3-c7e8-4b81-981d-faa7b9d77503]: BUSY"}}
[debug] [2021-12-28T23:19:42.291Z] [runtime-status] [29808] Functions runtime initialized. {"cwd":"E:\\Education\\Web\\Lab1\\WebDevLabs\\functions","node_version":"14.17.6"} {"metadata":{"emulator":{"name":"functions"},"function":{"name":"us-central1-sendmail"},"message":"[runtime-status] [29808] Functions runtime initialized. {\"cwd\":\"E:\\\\Education\\\\Web\\\\Lab1\\\\WebDevLabs\\\\functions\",\"node_version\":\"14.17.6\"}"}}
[debug] [2021-12-28T23:19:42.294Z] [runtime-status] [29808] Disabled runtime features: undefined {"metadata":{"emulator":{"name":"functions"},"function":{"name":"us-central1-sendmail"},"message":"[runtime-status] [29808] Disabled runtime features: undefined"}}
[debug] [2021-12-28T23:19:42.297Z] [runtime-status] [29808] Resolved module firebase-admin {"declared":true,"installed":true,"version":"9.12.0","resolution":"E:\\Education\\Web\\Lab1\\WebDevLabs\\functions\\node_modules\\firebase-admin\\lib\\index.js"} {"metadata":{"emulator":{"name":"functions"},"function":{"name":"us-central1-sendmail"},"message":"[runtime-status] [29808] Resolved module firebase-admin {\"declared\":true,\"installed\":true,\"version\":\"9.12.0\",\"resolution\":\"E:\\\\Education\\\\Web\\\\Lab1\\\\WebDevLabs\\\\functions\\\\node_modules\\\\firebase-admin\\\\lib\\\\index.js\"}"}}
[debug] [2021-12-28T23:19:42.301Z] [runtime-status] [29808] Resolved module firebase-functions {"declared":true,"installed":true,"version":"3.16.0","resolution":"E:\\Education\\Web\\Lab1\\WebDevLabs\\functions\\node_modules\\firebase-functions\\lib\\index.js"} {"metadata":{"emulator":{"name":"functions"},"function":{"name":"us-central1-sendmail"},"message":"[runtime-status] [29808] Resolved module firebase-functions {\"declared\":true,\"installed\":true,\"version\":\"3.16.0\",\"resolution\":\"E:\\\\Education\\\\Web\\\\Lab1\\\\WebDevLabs\\\\functions\\\\node_modules\\\\firebase-functions\\\\lib\\\\index.js\"}"}}
[debug] [2021-12-28T23:19:42.302Z] [runtime-status] [29808] Outgoing network have been stubbed. [{"name":"http","status":"mocked"},{"name":"http","status":"mocked"},{"name":"https","status":"mocked"},{"name":"https","status":"mocked"},{"name":"net","status":"mocked"}] {"metadata":{"emulator":{"name":"functions"},"function":{"name":"us-central1-sendmail"},"message":"[runtime-status] [29808] Outgoing network have been stubbed. [{\"name\":\"http\",\"status\":\"mocked\"},{\"name\":\"http\",\"status\":\"mocked\"},{\"name\":\"https\",\"status\":\"mocked\"},{\"name\":\"https\",\"status\":\"mocked\"},{\"name\":\"net\",\"status\":\"mocked\"}]"}}
[debug] [2021-12-28T23:19:42.304Z] [runtime-status] [29808] Resolved module firebase-functions {"declared":true,"installed":true,"version":"3.16.0","resolution":"E:\\Education\\Web\\Lab1\\WebDevLabs\\functions\\node_modules\\firebase-functions\\lib\\index.js"} {"metadata":{"emulator":{"name":"functions"},"function":{"name":"us-central1-sendmail"},"message":"[runtime-status] [29808] Resolved module firebase-functions {\"declared\":true,\"installed\":true,\"version\":\"3.16.0\",\"resolution\":\"E:\\\\Education\\\\Web\\\\Lab1\\\\WebDevLabs\\\\functions\\\\node_modules\\\\firebase-functions\\\\lib\\\\index.js\"}"}}
[debug] [2021-12-28T23:19:42.339Z] [runtime-status] [29808] Checked functions.config() {"config":{"mail":{"login":"avakovkakarsen@gmail.com","host":"smtp.gmail.com","port":"587","pass":"shJvg-bdh-2237hdj","to":"danilsmy.edu@gmail.com"}}} {"metadata":{"emulator":{"name":"functions"},"function":{"name":"us-central1-sendmail"},"message":"[runtime-status] [29808] Checked functions.config() {\"config\":{\"mail\":{\"login\":\"avakovkakarsen@gmail.com\",\"host\":\"smtp.gmail.com\",\"port\":\"587\",\"pass\":\"shJvg-bdh-2237hdj\",\"to\":\"danilsmy.edu@gmail.com\"}}}"}}
[debug] [2021-12-28T23:19:42.340Z] [runtime-status] [29808] firebase-functions has been stubbed. {"functionsResolution":{"declared":true,"installed":true,"version":"3.16.0","resolution":"E:\\Education\\Web\\Lab1\\WebDevLabs\\functions\\node_modules\\firebase-functions\\lib\\index.js"}} {"metadata":{"emulator":{"name":"functions"},"function":{"name":"us-central1-sendmail"},"message":"[runtime-status] [29808] firebase-functions has been stubbed. {\"functionsResolution\":{\"declared\":true,\"installed\":true,\"version\":\"3.16.0\",\"resolution\":\"E:\\\\Education\\\\Web\\\\Lab1\\\\WebDevLabs\\\\functions\\\\node_modules\\\\firebase-functions\\\\lib\\\\index.js\"}}"}}
[debug] [2021-12-28T23:19:42.340Z] [runtime-status] [29808] Resolved module firebase-functions {"declared":true,"installed":true,"version":"3.16.0","resolution":"E:\\Education\\Web\\Lab1\\WebDevLabs\\functions\\node_modules\\firebase-functions\\lib\\index.js"} {"metadata":{"emulator":{"name":"functions"},"function":{"name":"us-central1-sendmail"},"message":"[runtime-status] [29808] Resolved module firebase-functions {\"declared\":true,\"installed\":true,\"version\":\"3.16.0\",\"resolution\":\"E:\\\\Education\\\\Web\\\\Lab1\\\\WebDevLabs\\\\functions\\\\node_modules\\\\firebase-functions\\\\lib\\\\index.js\"}"}}
[debug] [2021-12-28T23:19:42.341Z] [runtime-status] [29808] Resolved module firebase-admin {"declared":true,"installed":true,"version":"9.12.0","resolution":"E:\\Education\\Web\\Lab1\\WebDevLabs\\functions\\node_modules\\firebase-admin\\lib\\index.js"} {"metadata":{"emulator":{"name":"functions"},"function":{"name":"us-central1-sendmail"},"message":"[runtime-status] [29808] Resolved module firebase-admin {\"declared\":true,\"installed\":true,\"version\":\"9.12.0\",\"resolution\":\"E:\\\\Education\\\\Web\\\\Lab1\\\\WebDevLabs\\\\functions\\\\node_modules\\\\firebase-admin\\\\lib\\\\index.js\"}"}}
[debug] [2021-12-28T23:19:42.342Z] [runtime-status] [29808] Resolved module firebase-functions {"declared":true,"installed":true,"version":"3.16.0","resolution":"E:\\Education\\Web\\Lab1\\WebDevLabs\\functions\\node_modules\\firebase-functions\\lib\\index.js"} {"metadata":{"emulator":{"name":"functions"},"function":{"name":"us-central1-sendmail"},"message":"[runtime-status] [29808] Resolved module firebase-functions {\"declared\":true,\"installed\":true,\"version\":\"3.16.0\",\"resolution\":\"E:\\\\Education\\\\Web\\\\Lab1\\\\WebDevLabs\\\\functions\\\\node_modules\\\\firebase-functions\\\\lib\\\\index.js\"}"}}
[debug] [2021-12-28T23:19:42.343Z] [runtime-status] [29808] firebase-admin has been stubbed. {"adminResolution":{"declared":true,"installed":true,"version":"9.12.0","resolution":"E:\\Education\\Web\\Lab1\\WebDevLabs\\functions\\node_modules\\firebase-admin\\lib\\index.js"}} {"metadata":{"emulator":{"name":"functions"},"function":{"name":"us-central1-sendmail"},"message":"[runtime-status] [29808] firebase-admin has been stubbed. {\"adminResolution\":{\"declared\":true,\"installed\":true,\"version\":\"9.12.0\",\"resolution\":\"E:\\\\Education\\\\Web\\\\Lab1\\\\WebDevLabs\\\\functions\\\\node_modules\\\\firebase-admin\\\\lib\\\\index.js\"}}"}}
[info] >  { {"user":"{","metadata":{"emulator":{"name":"functions"},"function":{"name":"us-central1-sendmail"},"message":"\u001b[90m> \u001b[39m {"}}
[info] >    mail: { {"user":"  mail: {","metadata":{"emulator":{"name":"functions"},"function":{"name":"us-central1-sendmail"},"message":"\u001b[90m> \u001b[39m   mail: {"}}
[info] >      login: 'avakovkakarsen@gmail.com', {"user":"    login: 'avakovkakarsen@gmail.com',","metadata":{"emulator":{"name":"functions"},"function":{"name":"us-central1-sendmail"},"message":"\u001b[90m> \u001b[39m     login: 'avakovkakarsen@gmail.com',"}}
[info] >      host: 'smtp.gmail.com', {"user":"    host: 'smtp.gmail.com',","metadata":{"emulator":{"name":"functions"},"function":{"name":"us-central1-sendmail"},"message":"\u001b[90m> \u001b[39m     host: 'smtp.gmail.com',"}}
[info] >      port: '587', {"user":"    port: '587',","metadata":{"emulator":{"name":"functions"},"function":{"name":"us-central1-sendmail"},"message":"\u001b[90m> \u001b[39m     port: '587',"}}
[info] >      pass: 'shJvg-bdh-2237hdj', {"user":"    pass: 'shJvg-bdh-2237hdj',","metadata":{"emulator":{"name":"functions"},"function":{"name":"us-central1-sendmail"},"message":"\u001b[90m> \u001b[39m     pass: 'shJvg-bdh-2237hdj',"}}
[info] >      to: 'danilsmy.edu@gmail.com' {"user":"    to: 'danilsmy.edu@gmail.com'","metadata":{"emulator":{"name":"functions"},"function":{"name":"us-central1-sendmail"},"message":"\u001b[90m> \u001b[39m     to: 'danilsmy.edu@gmail.com'"}}
[info] >    } {"user":"  }","metadata":{"emulator":{"name":"functions"},"function":{"name":"us-central1-sendmail"},"message":"\u001b[90m> \u001b[39m   }"}}
[info] >  } {"user":"}","metadata":{"emulator":{"name":"functions"},"function":{"name":"us-central1-sendmail"},"message":"\u001b[90m> \u001b[39m }"}}
[debug] [2021-12-28T23:19:42.472Z] [runtime-status] [29808] Trigger "us-central1-sendmail" has been found, beginning invocation! {"metadata":{"emulator":{"name":"functions"},"function":{"name":"us-central1-sendmail"},"message":"[runtime-status] [29808] Trigger \"us-central1-sendmail\" has been found, beginning invocation!"}}
[info] i  functions: Beginning execution of "us-central1-sendmail" {"metadata":{"emulator":{"name":"functions"},"function":{"name":"us-central1-sendmail"},"message":"Beginning execution of \"us-central1-sendmail\""}}
[debug] [2021-12-28T23:19:42.473Z] [runtime-status] [29808] triggerDefinition {"httpsTrigger":{},"name":"sendmail","entryPoint":"sendmail","regions":["us-central1"],"region":"us-central1","id":"us-central1-sendmail","platform":"gcfv1"} {"metadata":{"emulator":{"name":"functions"},"function":{"name":"us-central1-sendmail"},"message":"[runtime-status] [29808] triggerDefinition {\"httpsTrigger\":{},\"name\":\"sendmail\",\"entryPoint\":\"sendmail\",\"regions\":[\"us-central1\"],\"region\":\"us-central1\",\"id\":\"us-central1-sendmail\",\"platform\":\"gcfv1\"}"}}
[debug] [2021-12-28T23:19:42.473Z] [runtime-status] [29808] Running us-central1-sendmail in signature http {"metadata":{"emulator":{"name":"functions"},"function":{"name":"us-central1-sendmail"},"message":"[runtime-status] [29808] Running us-central1-sendmail in signature http"}}
[debug] [2021-12-28T23:19:42.477Z] [runtime-status] [29808] Attempting to listen to socketPath: \\?\pipe\E:\Education\Web\Lab1\WebDevLabs\functions\29808 {"metadata":{"emulator":{"name":"functions"},"function":{"name":"us-central1-sendmail"},"message":"[runtime-status] [29808] Attempting to listen to socketPath: \\\\?\\pipe\\E:\\Education\\Web\\Lab1\\WebDevLabs\\functions\\29808"}}
[debug] [2021-12-28T23:19:42.480Z] [functions] Runtime ready! Sending request! {"metadata":{"emulator":{"name":"functions"},"message":"[functions] Runtime ready! Sending request!"}}
[debug] [2021-12-28T23:19:42.480Z] [functions] Got req.url=/kpi-web-lab-2/us-central1/sendmail/sendmail, mapping to path=/sendmail {"metadata":{"emulator":{"name":"functions"},"message":"[functions] Got req.url=/kpi-web-lab-2/us-central1/sendmail/sendmail, mapping to path=/sendmail"}}
[debug] [2021-12-28T23:19:42.501Z] [runtime-status] [29808] Ephemeral server handling POST request {"metadata":{"emulator":{"name":"functions"},"function":{"name":"us-central1-sendmail"},"message":"[runtime-status] [29808] Ephemeral server handling POST request"}}
[debug] [2021-12-28T23:19:42.510Z] [runtime-status] [29808] Ephemeral server survived. {"metadata":{"emulator":{"name":"functions"},"function":{"name":"us-central1-sendmail"},"message":"[runtime-status] [29808] Ephemeral server survived."}}
[info] >  {"severity":"INFO","message":"check status"} {"user":{"severity":"INFO","message":"check status"},"metadata":{"emulator":{"name":"functions"},"function":{"name":"us-central1-sendmail"},"message":"\u001b[90m> \u001b[39m {\"severity\":\"INFO\",\"message\":\"check status\"}"}}
[info] i  functions: Finished "us-central1-sendmail" in ~2s {"metadata":{"emulator":{"name":"functions"},"function":{"name":"us-central1-sendmail"},"message":"Finished \"us-central1-sendmail\" in ~2s"}}
[debug] [2021-12-28T23:19:44.732Z] [worker-us-central1-sendmail-b6e8d5c3-c7e8-4b81-981d-faa7b9d77503]: IDLE {"metadata":{"emulator":{"name":"functions"},"message":"[worker-us-central1-sendmail-b6e8d5c3-c7e8-4b81-981d-faa7b9d77503]: IDLE"}}
[debug] [2021-12-28T23:19:44.733Z] [work-queue] {"queueLength":0,"workRunningCount":0}
[debug] [2021-12-28T23:46:38.046Z] [work-queue] {"queueLength":1,"workRunningCount":0}
[debug] [2021-12-28T23:46:38.046Z] [work-queue] {"queueLength":0,"workRunningCount":1}
[debug] [2021-12-28T23:46:38.046Z] Accepted request POST /kpi-web-lab-2/us-central1/sendmail/sendmail --> us-central1-sendmail
[debug] [2021-12-28T23:46:38.046Z] [worker-pool] submitWork(triggerId=us-central1-sendmail) {"metadata":{"emulator":{"name":"functions"},"message":"[worker-pool] submitWork(triggerId=us-central1-sendmail)"}}
[debug] [2021-12-28T23:46:38.047Z] [worker-us-central1-sendmail-b6e8d5c3-c7e8-4b81-981d-faa7b9d77503]: Assigning socketPath: \\?\pipe\E:\Education\Web\Lab1\WebDevLabs\functions\29808 {"metadata":{"emulator":{"name":"functions"},"message":"[worker-us-central1-sendmail-b6e8d5c3-c7e8-4b81-981d-faa7b9d77503]: Assigning socketPath: \\\\?\\pipe\\E:\\Education\\Web\\Lab1\\WebDevLabs\\functions\\29808"}}
[debug] [2021-12-28T23:46:38.047Z] [worker-us-central1-sendmail-b6e8d5c3-c7e8-4b81-981d-faa7b9d77503]: BUSY {"metadata":{"emulator":{"name":"functions"},"message":"[worker-us-central1-sendmail-b6e8d5c3-c7e8-4b81-981d-faa7b9d77503]: BUSY"}}
[debug] [2021-12-28T23:46:38.048Z] [runtime-status] [29808] Trigger "us-central1-sendmail" has been found, beginning invocation! {"metadata":{"emulator":{"name":"functions"},"function":{"name":"us-central1-sendmail"},"message":"[runtime-status] [29808] Trigger \"us-central1-sendmail\" has been found, beginning invocation!"}}
[info] i  functions: Beginning execution of "us-central1-sendmail" {"metadata":{"emulator":{"name":"functions"},"function":{"name":"us-central1-sendmail"},"message":"Beginning execution of \"us-central1-sendmail\""}}
[debug] [2021-12-28T23:46:38.049Z] [runtime-status] [29808] triggerDefinition {"httpsTrigger":{},"name":"sendmail","entryPoint":"sendmail","regions":["us-central1"],"region":"us-central1","id":"us-central1-sendmail","platform":"gcfv1"} {"metadata":{"emulator":{"name":"functions"},"function":{"name":"us-central1-sendmail"},"message":"[runtime-status] [29808] triggerDefinition {\"httpsTrigger\":{},\"name\":\"sendmail\",\"entryPoint\":\"sendmail\",\"regions\":[\"us-central1\"],\"region\":\"us-central1\",\"id\":\"us-central1-sendmail\",\"platform\":\"gcfv1\"}"}}
[debug] [2021-12-28T23:46:38.049Z] [runtime-status] [29808] Running us-central1-sendmail in signature http {"metadata":{"emulator":{"name":"functions"},"function":{"name":"us-central1-sendmail"},"message":"[runtime-status] [29808] Running us-central1-sendmail in signature http"}}
[debug] [2021-12-28T23:46:38.049Z] [runtime-status] [29808] Attempting to listen to socketPath: \\?\pipe\E:\Education\Web\Lab1\WebDevLabs\functions\29808 {"metadata":{"emulator":{"name":"functions"},"function":{"name":"us-central1-sendmail"},"message":"[runtime-status] [29808] Attempting to listen to socketPath: \\\\?\\pipe\\E:\\Education\\Web\\Lab1\\WebDevLabs\\functions\\29808"}}
[debug] [2021-12-28T23:46:38.050Z] [functions] Runtime ready! Sending request! {"metadata":{"emulator":{"name":"functions"},"message":"[functions] Runtime ready! Sending request!"}}
[debug] [2021-12-28T23:46:38.050Z] [functions] Got req.url=/kpi-web-lab-2/us-central1/sendmail/sendmail, mapping to path=/sendmail {"metadata":{"emulator":{"name":"functions"},"message":"[functions] Got req.url=/kpi-web-lab-2/us-central1/sendmail/sendmail, mapping to path=/sendmail"}}
[debug] [2021-12-28T23:46:38.053Z] [runtime-status] [29808] Ephemeral server handling POST request {"metadata":{"emulator":{"name":"functions"},"function":{"name":"us-central1-sendmail"},"message":"[runtime-status] [29808] Ephemeral server handling POST request"}}
[debug] [2021-12-28T23:46:38.054Z] [runtime-status] [29808] Ephemeral server survived. {"metadata":{"emulator":{"name":"functions"},"function":{"name":"us-central1-sendmail"},"message":"[runtime-status] [29808] Ephemeral server survived."}}
[info] >  {"severity":"INFO","message":"check status"} {"user":{"severity":"INFO","message":"check status"},"metadata":{"emulator":{"name":"functions"},"function":{"name":"us-central1-sendmail"},"message":"\u001b[90m> \u001b[39m {\"severity\":\"INFO\",\"message\":\"check status\"}"}}
[info] i  functions: Finished "us-central1-sendmail" in ~1s {"metadata":{"emulator":{"name":"functions"},"function":{"name":"us-central1-sendmail"},"message":"Finished \"us-central1-sendmail\" in ~1s"}}
[debug] [2021-12-28T23:46:39.925Z] [worker-us-central1-sendmail-b6e8d5c3-c7e8-4b81-981d-faa7b9d77503]: IDLE {"metadata":{"emulator":{"name":"functions"},"message":"[worker-us-central1-sendmail-b6e8d5c3-c7e8-4b81-981d-faa7b9d77503]: IDLE"}}
[debug] [2021-12-28T23:46:39.925Z] [work-queue] {"queueLength":0,"workRunningCount":0}
[debug] [2021-12-28T23:46:43.458Z] [work-queue] {"queueLength":1,"workRunningCount":0}
[debug] [2021-12-28T23:46:43.458Z] [work-queue] {"queueLength":0,"workRunningCount":1}
[debug] [2021-12-28T23:46:43.458Z] Accepted request POST /kpi-web-lab-2/us-central1/sendmail/sendmail --> us-central1-sendmail
[debug] [2021-12-28T23:46:43.459Z] [worker-pool] submitWork(triggerId=us-central1-sendmail) {"metadata":{"emulator":{"name":"functions"},"message":"[worker-pool] submitWork(triggerId=us-central1-sendmail)"}}
[debug] [2021-12-28T23:46:43.459Z] [worker-us-central1-sendmail-b6e8d5c3-c7e8-4b81-981d-faa7b9d77503]: Assigning socketPath: \\?\pipe\E:\Education\Web\Lab1\WebDevLabs\functions\29808 {"metadata":{"emulator":{"name":"functions"},"message":"[worker-us-central1-sendmail-b6e8d5c3-c7e8-4b81-981d-faa7b9d77503]: Assigning socketPath: \\\\?\\pipe\\E:\\Education\\Web\\Lab1\\WebDevLabs\\functions\\29808"}}
[debug] [2021-12-28T23:46:43.459Z] [worker-us-central1-sendmail-b6e8d5c3-c7e8-4b81-981d-faa7b9d77503]: BUSY {"metadata":{"emulator":{"name":"functions"},"message":"[worker-us-central1-sendmail-b6e8d5c3-c7e8-4b81-981d-faa7b9d77503]: BUSY"}}
[debug] [2021-12-28T23:46:43.460Z] [runtime-status] [29808] Trigger "us-central1-sendmail" has been found, beginning invocation! {"metadata":{"emulator":{"name":"functions"},"function":{"name":"us-central1-sendmail"},"message":"[runtime-status] [29808] Trigger \"us-central1-sendmail\" has been found, beginning invocation!"}}
[info] i  functions: Beginning execution of "us-central1-sendmail" {"metadata":{"emulator":{"name":"functions"},"function":{"name":"us-central1-sendmail"},"message":"Beginning execution of \"us-central1-sendmail\""}}
[debug] [2021-12-28T23:46:43.461Z] [runtime-status] [29808] triggerDefinition {"httpsTrigger":{},"name":"sendmail","entryPoint":"sendmail","regions":["us-central1"],"region":"us-central1","id":"us-central1-sendmail","platform":"gcfv1"} {"metadata":{"emulator":{"name":"functions"},"function":{"name":"us-central1-sendmail"},"message":"[runtime-status] [29808] triggerDefinition {\"httpsTrigger\":{},\"name\":\"sendmail\",\"entryPoint\":\"sendmail\",\"regions\":[\"us-central1\"],\"region\":\"us-central1\",\"id\":\"us-central1-sendmail\",\"platform\":\"gcfv1\"}"}}
[debug] [2021-12-28T23:46:43.461Z] [runtime-status] [29808] Running us-central1-sendmail in signature http {"metadata":{"emulator":{"name":"functions"},"function":{"name":"us-central1-sendmail"},"message":"[runtime-status] [29808] Running us-central1-sendmail in signature http"}}
[debug] [2021-12-28T23:46:43.461Z] [runtime-status] [29808] Attempting to listen to socketPath: \\?\pipe\E:\Education\Web\Lab1\WebDevLabs\functions\29808 {"metadata":{"emulator":{"name":"functions"},"function":{"name":"us-central1-sendmail"},"message":"[runtime-status] [29808] Attempting to listen to socketPath: \\\\?\\pipe\\E:\\Education\\Web\\Lab1\\WebDevLabs\\functions\\29808"}}
[debug] [2021-12-28T23:46:43.462Z] [functions] Runtime ready! Sending request! {"metadata":{"emulator":{"name":"functions"},"message":"[functions] Runtime ready! Sending request!"}}
[debug] [2021-12-28T23:46:43.462Z] [functions] Got req.url=/kpi-web-lab-2/us-central1/sendmail/sendmail, mapping to path=/sendmail {"metadata":{"emulator":{"name":"functions"},"message":"[functions] Got req.url=/kpi-web-lab-2/us-central1/sendmail/sendmail, mapping to path=/sendmail"}}
[debug] [2021-12-28T23:46:43.464Z] [runtime-status] [29808] Ephemeral server handling POST request {"metadata":{"emulator":{"name":"functions"},"function":{"name":"us-central1-sendmail"},"message":"[runtime-status] [29808] Ephemeral server handling POST request"}}
[debug] [2021-12-28T23:46:43.465Z] [runtime-status] [29808] Ephemeral server survived. {"metadata":{"emulator":{"name":"functions"},"function":{"name":"us-central1-sendmail"},"message":"[runtime-status] [29808] Ephemeral server survived."}}
[info] >  {"severity":"INFO","message":"check status"} {"user":{"severity":"INFO","message":"check status"},"metadata":{"emulator":{"name":"functions"},"function":{"name":"us-central1-sendmail"},"message":"\u001b[90m> \u001b[39m {\"severity\":\"INFO\",\"message\":\"check status\"}"}}
[info] i  functions: Finished "us-central1-sendmail" in ~1s {"metadata":{"emulator":{"name":"functions"},"function":{"name":"us-central1-sendmail"},"message":"Finished \"us-central1-sendmail\" in ~1s"}}
[debug] [2021-12-28T23:46:44.594Z] [worker-us-central1-sendmail-b6e8d5c3-c7e8-4b81-981d-faa7b9d77503]: IDLE {"metadata":{"emulator":{"name":"functions"},"message":"[worker-us-central1-sendmail-b6e8d5c3-c7e8-4b81-981d-faa7b9d77503]: IDLE"}}
[debug] [2021-12-28T23:46:44.594Z] [work-queue] {"queueLength":0,"workRunningCount":0}
[debug] [2021-12-28T23:46:49.714Z] [work-queue] {"queueLength":1,"workRunningCount":0}
[debug] [2021-12-28T23:46:49.714Z] [work-queue] {"queueLength":0,"workRunningCount":1}
[debug] [2021-12-28T23:46:49.714Z] Accepted request POST /kpi-web-lab-2/us-central1/sendmail/sendmail --> us-central1-sendmail
[debug] [2021-12-28T23:46:49.715Z] [worker-pool] submitWork(triggerId=us-central1-sendmail) {"metadata":{"emulator":{"name":"functions"},"message":"[worker-pool] submitWork(triggerId=us-central1-sendmail)"}}
[debug] [2021-12-28T23:46:49.715Z] [worker-us-central1-sendmail-b6e8d5c3-c7e8-4b81-981d-faa7b9d77503]: Assigning socketPath: \\?\pipe\E:\Education\Web\Lab1\WebDevLabs\functions\29808 {"metadata":{"emulator":{"name":"functions"},"message":"[worker-us-central1-sendmail-b6e8d5c3-c7e8-4b81-981d-faa7b9d77503]: Assigning socketPath: \\\\?\\pipe\\E:\\Education\\Web\\Lab1\\WebDevLabs\\functions\\29808"}}
[debug] [2021-12-28T23:46:49.715Z] [worker-us-central1-sendmail-b6e8d5c3-c7e8-4b81-981d-faa7b9d77503]: BUSY {"metadata":{"emulator":{"name":"functions"},"message":"[worker-us-central1-sendmail-b6e8d5c3-c7e8-4b81-981d-faa7b9d77503]: BUSY"}}
[debug] [2021-12-28T23:46:49.715Z] [runtime-status] [29808] Trigger "us-central1-sendmail" has been found, beginning invocation! {"metadata":{"emulator":{"name":"functions"},"function":{"name":"us-central1-sendmail"},"message":"[runtime-status] [29808] Trigger \"us-central1-sendmail\" has been found, beginning invocation!"}}
[info] i  functions: Beginning execution of "us-central1-sendmail" {"metadata":{"emulator":{"name":"functions"},"function":{"name":"us-central1-sendmail"},"message":"Beginning execution of \"us-central1-sendmail\""}}
[debug] [2021-12-28T23:46:49.716Z] [runtime-status] [29808] triggerDefinition {"httpsTrigger":{},"name":"sendmail","entryPoint":"sendmail","regions":["us-central1"],"region":"us-central1","id":"us-central1-sendmail","platform":"gcfv1"} {"metadata":{"emulator":{"name":"functions"},"function":{"name":"us-central1-sendmail"},"message":"[runtime-status] [29808] triggerDefinition {\"httpsTrigger\":{},\"name\":\"sendmail\",\"entryPoint\":\"sendmail\",\"regions\":[\"us-central1\"],\"region\":\"us-central1\",\"id\":\"us-central1-sendmail\",\"platform\":\"gcfv1\"}"}}
[debug] [2021-12-28T23:46:49.716Z] [runtime-status] [29808] Running us-central1-sendmail in signature http {"metadata":{"emulator":{"name":"functions"},"function":{"name":"us-central1-sendmail"},"message":"[runtime-status] [29808] Running us-central1-sendmail in signature http"}}
[debug] [2021-12-28T23:46:49.717Z] [runtime-status] [29808] Attempting to listen to socketPath: \\?\pipe\E:\Education\Web\Lab1\WebDevLabs\functions\29808 {"metadata":{"emulator":{"name":"functions"},"function":{"name":"us-central1-sendmail"},"message":"[runtime-status] [29808] Attempting to listen to socketPath: \\\\?\\pipe\\E:\\Education\\Web\\Lab1\\WebDevLabs\\functions\\29808"}}
[debug] [2021-12-28T23:46:49.717Z] [functions] Runtime ready! Sending request! {"metadata":{"emulator":{"name":"functions"},"message":"[functions] Runtime ready! Sending request!"}}
[debug] [2021-12-28T23:46:49.718Z] [functions] Got req.url=/kpi-web-lab-2/us-central1/sendmail/sendmail, mapping to path=/sendmail {"metadata":{"emulator":{"name":"functions"},"message":"[functions] Got req.url=/kpi-web-lab-2/us-central1/sendmail/sendmail, mapping to path=/sendmail"}}
[debug] [2021-12-28T23:46:49.719Z] [runtime-status] [29808] Ephemeral server handling POST request {"metadata":{"emulator":{"name":"functions"},"function":{"name":"us-central1-sendmail"},"message":"[runtime-status] [29808] Ephemeral server handling POST request"}}
[debug] [2021-12-28T23:46:49.720Z] [runtime-status] [29808] Ephemeral server survived. {"metadata":{"emulator":{"name":"functions"},"function":{"name":"us-central1-sendmail"},"message":"[runtime-status] [29808] Ephemeral server survived."}}
[info] i  functions: Finished "us-central1-sendmail" in ~1s {"metadata":{"emulator":{"name":"functions"},"function":{"name":"us-central1-sendmail"},"message":"Finished \"us-central1-sendmail\" in ~1s"}}
[debug] [2021-12-28T23:46:49.721Z] [worker-us-central1-sendmail-b6e8d5c3-c7e8-4b81-981d-faa7b9d77503]: IDLE {"metadata":{"emulator":{"name":"functions"},"message":"[worker-us-central1-sendmail-b6e8d5c3-c7e8-4b81-981d-faa7b9d77503]: IDLE"}}
[debug] [2021-12-28T23:46:49.721Z] [work-queue] {"queueLength":0,"workRunningCount":0}
[debug] [2021-12-28T23:46:57.933Z] [work-queue] {"queueLength":1,"workRunningCount":0}
[debug] [2021-12-28T23:46:57.933Z] [work-queue] {"queueLength":0,"workRunningCount":1}
[debug] [2021-12-28T23:46:57.933Z] Accepted request POST /kpi-web-lab-2/us-central1/sendmail/sendmail --> us-central1-sendmail
[debug] [2021-12-28T23:46:57.933Z] [worker-pool] submitWork(triggerId=us-central1-sendmail) {"metadata":{"emulator":{"name":"functions"},"message":"[worker-pool] submitWork(triggerId=us-central1-sendmail)"}}
[debug] [2021-12-28T23:46:57.934Z] [worker-us-central1-sendmail-b6e8d5c3-c7e8-4b81-981d-faa7b9d77503]: Assigning socketPath: \\?\pipe\E:\Education\Web\Lab1\WebDevLabs\functions\29808 {"metadata":{"emulator":{"name":"functions"},"message":"[worker-us-central1-sendmail-b6e8d5c3-c7e8-4b81-981d-faa7b9d77503]: Assigning socketPath: \\\\?\\pipe\\E:\\Education\\Web\\Lab1\\WebDevLabs\\functions\\29808"}}
[debug] [2021-12-28T23:46:57.934Z] [worker-us-central1-sendmail-b6e8d5c3-c7e8-4b81-981d-faa7b9d77503]: BUSY {"metadata":{"emulator":{"name":"functions"},"message":"[worker-us-central1-sendmail-b6e8d5c3-c7e8-4b81-981d-faa7b9d77503]: BUSY"}}
[debug] [2021-12-28T23:46:57.934Z] [runtime-status] [29808] Trigger "us-central1-sendmail" has been found, beginning invocation! {"metadata":{"emulator":{"name":"functions"},"function":{"name":"us-central1-sendmail"},"message":"[runtime-status] [29808] Trigger \"us-central1-sendmail\" has been found, beginning invocation!"}}
[info] i  functions: Beginning execution of "us-central1-sendmail" {"metadata":{"emulator":{"name":"functions"},"function":{"name":"us-central1-sendmail"},"message":"Beginning execution of \"us-central1-sendmail\""}}
[debug] [2021-12-28T23:46:57.935Z] [runtime-status] [29808] triggerDefinition {"httpsTrigger":{},"name":"sendmail","entryPoint":"sendmail","regions":["us-central1"],"region":"us-central1","id":"us-central1-sendmail","platform":"gcfv1"} {"metadata":{"emulator":{"name":"functions"},"function":{"name":"us-central1-sendmail"},"message":"[runtime-status] [29808] triggerDefinition {\"httpsTrigger\":{},\"name\":\"sendmail\",\"entryPoint\":\"sendmail\",\"regions\":[\"us-central1\"],\"region\":\"us-central1\",\"id\":\"us-central1-sendmail\",\"platform\":\"gcfv1\"}"}}
[debug] [2021-12-28T23:46:57.935Z] [runtime-status] [29808] Running us-central1-sendmail in signature http {"metadata":{"emulator":{"name":"functions"},"function":{"name":"us-central1-sendmail"},"message":"[runtime-status] [29808] Running us-central1-sendmail in signature http"}}
[debug] [2021-12-28T23:46:57.936Z] [runtime-status] [29808] Attempting to listen to socketPath: \\?\pipe\E:\Education\Web\Lab1\WebDevLabs\functions\29808 {"metadata":{"emulator":{"name":"functions"},"function":{"name":"us-central1-sendmail"},"message":"[runtime-status] [29808] Attempting to listen to socketPath: \\\\?\\pipe\\E:\\Education\\Web\\Lab1\\WebDevLabs\\functions\\29808"}}
[debug] [2021-12-28T23:46:57.936Z] [functions] Runtime ready! Sending request! {"metadata":{"emulator":{"name":"functions"},"message":"[functions] Runtime ready! Sending request!"}}
[debug] [2021-12-28T23:46:57.937Z] [functions] Got req.url=/kpi-web-lab-2/us-central1/sendmail/sendmail, mapping to path=/sendmail {"metadata":{"emulator":{"name":"functions"},"message":"[functions] Got req.url=/kpi-web-lab-2/us-central1/sendmail/sendmail, mapping to path=/sendmail"}}
[debug] [2021-12-28T23:46:57.938Z] [runtime-status] [29808] Ephemeral server handling POST request {"metadata":{"emulator":{"name":"functions"},"function":{"name":"us-central1-sendmail"},"message":"[runtime-status] [29808] Ephemeral server handling POST request"}}
[debug] [2021-12-28T23:46:57.939Z] [runtime-status] [29808] Ephemeral server survived. {"metadata":{"emulator":{"name":"functions"},"function":{"name":"us-central1-sendmail"},"message":"[runtime-status] [29808] Ephemeral server survived."}}
[info] i  functions: Finished "us-central1-sendmail" in ~1s {"metadata":{"emulator":{"name":"functions"},"function":{"name":"us-central1-sendmail"},"message":"Finished \"us-central1-sendmail\" in ~1s"}}
[debug] [2021-12-28T23:46:57.940Z] [worker-us-central1-sendmail-b6e8d5c3-c7e8-4b81-981d-faa7b9d77503]: IDLE {"metadata":{"emulator":{"name":"functions"},"message":"[worker-us-central1-sendmail-b6e8d5c3-c7e8-4b81-981d-faa7b9d77503]: IDLE"}}
[debug] [2021-12-28T23:46:57.940Z] [work-queue] {"queueLength":0,"workRunningCount":0}
[debug] [2021-12-28T23:47:07.662Z] [work-queue] {"queueLength":1,"workRunningCount":0}
[debug] [2021-12-28T23:47:07.662Z] [work-queue] {"queueLength":0,"workRunningCount":1}
[debug] [2021-12-28T23:47:07.663Z] Accepted request POST /kpi-web-lab-2/us-central1/sendmail/sendmail --> us-central1-sendmail
[debug] [2021-12-28T23:47:07.663Z] [worker-pool] submitWork(triggerId=us-central1-sendmail) {"metadata":{"emulator":{"name":"functions"},"message":"[worker-pool] submitWork(triggerId=us-central1-sendmail)"}}
[debug] [2021-12-28T23:47:07.663Z] [worker-us-central1-sendmail-b6e8d5c3-c7e8-4b81-981d-faa7b9d77503]: Assigning socketPath: \\?\pipe\E:\Education\Web\Lab1\WebDevLabs\functions\29808 {"metadata":{"emulator":{"name":"functions"},"message":"[worker-us-central1-sendmail-b6e8d5c3-c7e8-4b81-981d-faa7b9d77503]: Assigning socketPath: \\\\?\\pipe\\E:\\Education\\Web\\Lab1\\WebDevLabs\\functions\\29808"}}
[debug] [2021-12-28T23:47:07.663Z] [worker-us-central1-sendmail-b6e8d5c3-c7e8-4b81-981d-faa7b9d77503]: BUSY {"metadata":{"emulator":{"name":"functions"},"message":"[worker-us-central1-sendmail-b6e8d5c3-c7e8-4b81-981d-faa7b9d77503]: BUSY"}}
[debug] [2021-12-28T23:47:07.664Z] [runtime-status] [29808] Trigger "us-central1-sendmail" has been found, beginning invocation! {"metadata":{"emulator":{"name":"functions"},"function":{"name":"us-central1-sendmail"},"message":"[runtime-status] [29808] Trigger \"us-central1-sendmail\" has been found, beginning invocation!"}}
[info] i  functions: Beginning execution of "us-central1-sendmail" {"metadata":{"emulator":{"name":"functions"},"function":{"name":"us-central1-sendmail"},"message":"Beginning execution of \"us-central1-sendmail\""}}
[debug] [2021-12-28T23:47:07.664Z] [runtime-status] [29808] triggerDefinition {"httpsTrigger":{},"name":"sendmail","entryPoint":"sendmail","regions":["us-central1"],"region":"us-central1","id":"us-central1-sendmail","platform":"gcfv1"} {"metadata":{"emulator":{"name":"functions"},"function":{"name":"us-central1-sendmail"},"message":"[runtime-status] [29808] triggerDefinition {\"httpsTrigger\":{},\"name\":\"sendmail\",\"entryPoint\":\"sendmail\",\"regions\":[\"us-central1\"],\"region\":\"us-central1\",\"id\":\"us-central1-sendmail\",\"platform\":\"gcfv1\"}"}}
[debug] [2021-12-28T23:47:07.665Z] [runtime-status] [29808] Running us-central1-sendmail in signature http {"metadata":{"emulator":{"name":"functions"},"function":{"name":"us-central1-sendmail"},"message":"[runtime-status] [29808] Running us-central1-sendmail in signature http"}}
[debug] [2021-12-28T23:47:07.665Z] [runtime-status] [29808] Attempting to listen to socketPath: \\?\pipe\E:\Education\Web\Lab1\WebDevLabs\functions\29808 {"metadata":{"emulator":{"name":"functions"},"function":{"name":"us-central1-sendmail"},"message":"[runtime-status] [29808] Attempting to listen to socketPath: \\\\?\\pipe\\E:\\Education\\Web\\Lab1\\WebDevLabs\\functions\\29808"}}
[debug] [2021-12-28T23:47:07.665Z] [functions] Runtime ready! Sending request! {"metadata":{"emulator":{"name":"functions"},"message":"[functions] Runtime ready! Sending request!"}}
[debug] [2021-12-28T23:47:07.666Z] [functions] Got req.url=/kpi-web-lab-2/us-central1/sendmail/sendmail, mapping to path=/sendmail {"metadata":{"emulator":{"name":"functions"},"message":"[functions] Got req.url=/kpi-web-lab-2/us-central1/sendmail/sendmail, mapping to path=/sendmail"}}
[debug] [2021-12-28T23:47:07.667Z] [runtime-status] [29808] Ephemeral server handling POST request {"metadata":{"emulator":{"name":"functions"},"function":{"name":"us-central1-sendmail"},"message":"[runtime-status] [29808] Ephemeral server handling POST request"}}
[debug] [2021-12-28T23:47:07.668Z] [runtime-status] [29808] Ephemeral server survived. {"metadata":{"emulator":{"name":"functions"},"function":{"name":"us-central1-sendmail"},"message":"[runtime-status] [29808] Ephemeral server survived."}}
[info] i  functions: Finished "us-central1-sendmail" in ~1s {"metadata":{"emulator":{"name":"functions"},"function":{"name":"us-central1-sendmail"},"message":"Finished \"us-central1-sendmail\" in ~1s"}}
[debug] [2021-12-28T23:47:07.669Z] [worker-us-central1-sendmail-b6e8d5c3-c7e8-4b81-981d-faa7b9d77503]: IDLE {"metadata":{"emulator":{"name":"functions"},"message":"[worker-us-central1-sendmail-b6e8d5c3-c7e8-4b81-981d-faa7b9d77503]: IDLE"}}
[debug] [2021-12-28T23:47:07.669Z] [work-queue] {"queueLength":0,"workRunningCount":0}
[debug] [2021-12-28T23:47:14.775Z] [work-queue] {"queueLength":1,"workRunningCount":0}
[debug] [2021-12-28T23:47:14.776Z] [work-queue] {"queueLength":0,"workRunningCount":1}
[debug] [2021-12-28T23:47:14.776Z] Accepted request POST /kpi-web-lab-2/us-central1/sendmail/sendmail --> us-central1-sendmail
[debug] [2021-12-28T23:47:14.776Z] [worker-pool] submitWork(triggerId=us-central1-sendmail) {"metadata":{"emulator":{"name":"functions"},"message":"[worker-pool] submitWork(triggerId=us-central1-sendmail)"}}
[debug] [2021-12-28T23:47:14.777Z] [worker-us-central1-sendmail-b6e8d5c3-c7e8-4b81-981d-faa7b9d77503]: Assigning socketPath: \\?\pipe\E:\Education\Web\Lab1\WebDevLabs\functions\29808 {"metadata":{"emulator":{"name":"functions"},"message":"[worker-us-central1-sendmail-b6e8d5c3-c7e8-4b81-981d-faa7b9d77503]: Assigning socketPath: \\\\?\\pipe\\E:\\Education\\Web\\Lab1\\WebDevLabs\\functions\\29808"}}
[debug] [2021-12-28T23:47:14.777Z] [worker-us-central1-sendmail-b6e8d5c3-c7e8-4b81-981d-faa7b9d77503]: BUSY {"metadata":{"emulator":{"name":"functions"},"message":"[worker-us-central1-sendmail-b6e8d5c3-c7e8-4b81-981d-faa7b9d77503]: BUSY"}}
[debug] [2021-12-28T23:47:14.777Z] [runtime-status] [29808] Trigger "us-central1-sendmail" has been found, beginning invocation! {"metadata":{"emulator":{"name":"functions"},"function":{"name":"us-central1-sendmail"},"message":"[runtime-status] [29808] Trigger \"us-central1-sendmail\" has been found, beginning invocation!"}}
[info] i  functions: Beginning execution of "us-central1-sendmail" {"metadata":{"emulator":{"name":"functions"},"function":{"name":"us-central1-sendmail"},"message":"Beginning execution of \"us-central1-sendmail\""}}
[debug] [2021-12-28T23:47:14.778Z] [runtime-status] [29808] triggerDefinition {"httpsTrigger":{},"name":"sendmail","entryPoint":"sendmail","regions":["us-central1"],"region":"us-central1","id":"us-central1-sendmail","platform":"gcfv1"} {"metadata":{"emulator":{"name":"functions"},"function":{"name":"us-central1-sendmail"},"message":"[runtime-status] [29808] triggerDefinition {\"httpsTrigger\":{},\"name\":\"sendmail\",\"entryPoint\":\"sendmail\",\"regions\":[\"us-central1\"],\"region\":\"us-central1\",\"id\":\"us-central1-sendmail\",\"platform\":\"gcfv1\"}"}}
[debug] [2021-12-28T23:47:14.778Z] [runtime-status] [29808] Running us-central1-sendmail in signature http {"metadata":{"emulator":{"name":"functions"},"function":{"name":"us-central1-sendmail"},"message":"[runtime-status] [29808] Running us-central1-sendmail in signature http"}}
[debug] [2021-12-28T23:47:14.779Z] [runtime-status] [29808] Attempting to listen to socketPath: \\?\pipe\E:\Education\Web\Lab1\WebDevLabs\functions\29808 {"metadata":{"emulator":{"name":"functions"},"function":{"name":"us-central1-sendmail"},"message":"[runtime-status] [29808] Attempting to listen to socketPath: \\\\?\\pipe\\E:\\Education\\Web\\Lab1\\WebDevLabs\\functions\\29808"}}
[debug] [2021-12-28T23:47:14.779Z] [functions] Runtime ready! Sending request! {"metadata":{"emulator":{"name":"functions"},"message":"[functions] Runtime ready! Sending request!"}}
[debug] [2021-12-28T23:47:14.780Z] [functions] Got req.url=/kpi-web-lab-2/us-central1/sendmail/sendmail, mapping to path=/sendmail {"metadata":{"emulator":{"name":"functions"},"message":"[functions] Got req.url=/kpi-web-lab-2/us-central1/sendmail/sendmail, mapping to path=/sendmail"}}
[debug] [2021-12-28T23:47:14.781Z] [runtime-status] [29808] Ephemeral server handling POST request {"metadata":{"emulator":{"name":"functions"},"function":{"name":"us-central1-sendmail"},"message":"[runtime-status] [29808] Ephemeral server handling POST request"}}
[debug] [2021-12-28T23:47:14.782Z] [runtime-status] [29808] Ephemeral server survived. {"metadata":{"emulator":{"name":"functions"},"function":{"name":"us-central1-sendmail"},"message":"[runtime-status] [29808] Ephemeral server survived."}}
[info] i  functions: Finished "us-central1-sendmail" in ~1s {"metadata":{"emulator":{"name":"functions"},"function":{"name":"us-central1-sendmail"},"message":"Finished \"us-central1-sendmail\" in ~1s"}}
[debug] [2021-12-28T23:47:14.783Z] [worker-us-central1-sendmail-b6e8d5c3-c7e8-4b81-981d-faa7b9d77503]: IDLE {"metadata":{"emulator":{"name":"functions"},"message":"[worker-us-central1-sendmail-b6e8d5c3-c7e8-4b81-981d-faa7b9d77503]: IDLE"}}
[debug] [2021-12-28T23:47:14.783Z] [work-queue] {"queueLength":0,"workRunningCount":0}
[debug] [2021-12-28T23:47:28.824Z] [work-queue] {"queueLength":1,"workRunningCount":0}
[debug] [2021-12-28T23:47:28.824Z] [work-queue] {"queueLength":0,"workRunningCount":1}
[debug] [2021-12-28T23:47:28.824Z] Accepted request POST /kpi-web-lab-2/us-central1/sendmail/sendmail --> us-central1-sendmail
[debug] [2021-12-28T23:47:28.824Z] [worker-pool] submitWork(triggerId=us-central1-sendmail) {"metadata":{"emulator":{"name":"functions"},"message":"[worker-pool] submitWork(triggerId=us-central1-sendmail)"}}
[debug] [2021-12-28T23:47:28.825Z] [worker-us-central1-sendmail-b6e8d5c3-c7e8-4b81-981d-faa7b9d77503]: Assigning socketPath: \\?\pipe\E:\Education\Web\Lab1\WebDevLabs\functions\29808 {"metadata":{"emulator":{"name":"functions"},"message":"[worker-us-central1-sendmail-b6e8d5c3-c7e8-4b81-981d-faa7b9d77503]: Assigning socketPath: \\\\?\\pipe\\E:\\Education\\Web\\Lab1\\WebDevLabs\\functions\\29808"}}
[debug] [2021-12-28T23:47:28.825Z] [worker-us-central1-sendmail-b6e8d5c3-c7e8-4b81-981d-faa7b9d77503]: BUSY {"metadata":{"emulator":{"name":"functions"},"message":"[worker-us-central1-sendmail-b6e8d5c3-c7e8-4b81-981d-faa7b9d77503]: BUSY"}}
[debug] [2021-12-28T23:47:28.825Z] [runtime-status] [29808] Trigger "us-central1-sendmail" has been found, beginning invocation! {"metadata":{"emulator":{"name":"functions"},"function":{"name":"us-central1-sendmail"},"message":"[runtime-status] [29808] Trigger \"us-central1-sendmail\" has been found, beginning invocation!"}}
[info] i  functions: Beginning execution of "us-central1-sendmail" {"metadata":{"emulator":{"name":"functions"},"function":{"name":"us-central1-sendmail"},"message":"Beginning execution of \"us-central1-sendmail\""}}
[debug] [2021-12-28T23:47:28.826Z] [runtime-status] [29808] triggerDefinition {"httpsTrigger":{},"name":"sendmail","entryPoint":"sendmail","regions":["us-central1"],"region":"us-central1","id":"us-central1-sendmail","platform":"gcfv1"} {"metadata":{"emulator":{"name":"functions"},"function":{"name":"us-central1-sendmail"},"message":"[runtime-status] [29808] triggerDefinition {\"httpsTrigger\":{},\"name\":\"sendmail\",\"entryPoint\":\"sendmail\",\"regions\":[\"us-central1\"],\"region\":\"us-central1\",\"id\":\"us-central1-sendmail\",\"platform\":\"gcfv1\"}"}}
[debug] [2021-12-28T23:47:28.826Z] [runtime-status] [29808] Running us-central1-sendmail in signature http {"metadata":{"emulator":{"name":"functions"},"function":{"name":"us-central1-sendmail"},"message":"[runtime-status] [29808] Running us-central1-sendmail in signature http"}}
[debug] [2021-12-28T23:47:28.826Z] [runtime-status] [29808] Attempting to listen to socketPath: \\?\pipe\E:\Education\Web\Lab1\WebDevLabs\functions\29808 {"metadata":{"emulator":{"name":"functions"},"function":{"name":"us-central1-sendmail"},"message":"[runtime-status] [29808] Attempting to listen to socketPath: \\\\?\\pipe\\E:\\Education\\Web\\Lab1\\WebDevLabs\\functions\\29808"}}
[debug] [2021-12-28T23:47:28.827Z] [functions] Runtime ready! Sending request! {"metadata":{"emulator":{"name":"functions"},"message":"[functions] Runtime ready! Sending request!"}}
[debug] [2021-12-28T23:47:28.827Z] [functions] Got req.url=/kpi-web-lab-2/us-central1/sendmail/sendmail, mapping to path=/sendmail {"metadata":{"emulator":{"name":"functions"},"message":"[functions] Got req.url=/kpi-web-lab-2/us-central1/sendmail/sendmail, mapping to path=/sendmail"}}
[debug] [2021-12-28T23:47:28.829Z] [runtime-status] [29808] Ephemeral server handling POST request {"metadata":{"emulator":{"name":"functions"},"function":{"name":"us-central1-sendmail"},"message":"[runtime-status] [29808] Ephemeral server handling POST request"}}
[debug] [2021-12-28T23:47:28.830Z] [runtime-status] [29808] Ephemeral server survived. {"metadata":{"emulator":{"name":"functions"},"function":{"name":"us-central1-sendmail"},"message":"[runtime-status] [29808] Ephemeral server survived."}}
[info] i  functions: Finished "us-central1-sendmail" in ~1s {"metadata":{"emulator":{"name":"functions"},"function":{"name":"us-central1-sendmail"},"message":"Finished \"us-central1-sendmail\" in ~1s"}}
[debug] [2021-12-28T23:47:28.831Z] [worker-us-central1-sendmail-b6e8d5c3-c7e8-4b81-981d-faa7b9d77503]: IDLE {"metadata":{"emulator":{"name":"functions"},"message":"[worker-us-central1-sendmail-b6e8d5c3-c7e8-4b81-981d-faa7b9d77503]: IDLE"}}
[debug] [2021-12-28T23:47:28.831Z] [work-queue] {"queueLength":0,"workRunningCount":0}
[debug] [2021-12-28T23:56:43.594Z] File E:\Education\Web\Lab1\WebDevLabs\functions\index.js changed, reloading triggers {"metadata":{"emulator":{"name":"functions"},"message":"File E:\\Education\\Web\\Lab1\\WebDevLabs\\functions\\index.js changed, reloading triggers"}}
[debug] [2021-12-28T23:56:43.907Z] File E:\Education\Web\Lab1\WebDevLabs\functions\package-lock.json changed, reloading triggers {"metadata":{"emulator":{"name":"functions"},"message":"File E:\\Education\\Web\\Lab1\\WebDevLabs\\functions\\package-lock.json changed, reloading triggers"}}
[debug] [2021-12-28T23:56:43.982Z] File E:\Education\Web\Lab1\WebDevLabs\functions\package.json changed, reloading triggers {"metadata":{"emulator":{"name":"functions"},"message":"File E:\\Education\\Web\\Lab1\\WebDevLabs\\functions\\package.json changed, reloading triggers"}}
[debug] [2021-12-28T23:56:44.993Z] [worker-pool] Shutting down IDLE worker (~diagnostic~) {"metadata":{"emulator":{"name":"functions"},"message":"[worker-pool] Shutting down IDLE worker (~diagnostic~)"}}
[debug] [2021-12-28T23:56:44.993Z] [worker-~diagnostic~-3386bebd-7661-4789-8255-5f98d1d118e8]: FINISHING {"metadata":{"emulator":{"name":"functions"},"message":"[worker-~diagnostic~-3386bebd-7661-4789-8255-5f98d1d118e8]: FINISHING"}}
[debug] [2021-12-28T23:56:44.993Z] [worker-pool] Shutting down IDLE worker (us-central1-sendmail) {"metadata":{"emulator":{"name":"functions"},"message":"[worker-pool] Shutting down IDLE worker (us-central1-sendmail)"}}
[debug] [2021-12-28T23:56:44.994Z] [worker-us-central1-sendmail-b6e8d5c3-c7e8-4b81-981d-faa7b9d77503]: FINISHING {"metadata":{"emulator":{"name":"functions"},"message":"[worker-us-central1-sendmail-b6e8d5c3-c7e8-4b81-981d-faa7b9d77503]: FINISHING"}}
[debug] [2021-12-28T23:56:45.002Z] [worker-pool] addWorker(~diagnostic~) {"metadata":{"emulator":{"name":"functions"},"message":"[worker-pool] addWorker(~diagnostic~)"}}
[debug] [2021-12-28T23:56:45.002Z] [worker-pool] Adding worker with key ~diagnostic~, total=2 {"metadata":{"emulator":{"name":"functions"},"message":"[worker-pool] Adding worker with key ~diagnostic~, total=2"}}
[debug] [2021-12-28T23:56:45.002Z] [worker-pool] submitWork(triggerId=) {"metadata":{"emulator":{"name":"functions"},"message":"[worker-pool] submitWork(triggerId=)"}}
[debug] [2021-12-28T23:56:45.003Z] [worker-~diagnostic~-10baef19-0652-4a5a-9bbb-d6618433e916]: Assigning socketPath: \\?\pipe\E:\Education\Web\Lab1\WebDevLabs\functions\26512 {"metadata":{"emulator":{"name":"functions"},"message":"[worker-~diagnostic~-10baef19-0652-4a5a-9bbb-d6618433e916]: Assigning socketPath: \\\\?\\pipe\\E:\\Education\\Web\\Lab1\\WebDevLabs\\functions\\26512"}}
[debug] [2021-12-28T23:56:45.003Z] [worker-~diagnostic~-10baef19-0652-4a5a-9bbb-d6618433e916]: BUSY {"metadata":{"emulator":{"name":"functions"},"message":"[worker-~diagnostic~-10baef19-0652-4a5a-9bbb-d6618433e916]: BUSY"}}
[debug] [2021-12-28T23:56:45.005Z] [worker-~diagnostic~-3386bebd-7661-4789-8255-5f98d1d118e8]: exited {"metadata":{"emulator":{"name":"functions"},"message":"[worker-~diagnostic~-3386bebd-7661-4789-8255-5f98d1d118e8]: exited"}}
[debug] [2021-12-28T23:56:45.005Z] [worker-~diagnostic~-3386bebd-7661-4789-8255-5f98d1d118e8]: FINISHED {"metadata":{"emulator":{"name":"functions"},"message":"[worker-~diagnostic~-3386bebd-7661-4789-8255-5f98d1d118e8]: FINISHED"}}
[debug] [2021-12-28T23:56:45.005Z] [worker-us-central1-sendmail-b6e8d5c3-c7e8-4b81-981d-faa7b9d77503]: exited {"metadata":{"emulator":{"name":"functions"},"message":"[worker-us-central1-sendmail-b6e8d5c3-c7e8-4b81-981d-faa7b9d77503]: exited"}}
[debug] [2021-12-28T23:56:45.005Z] [worker-us-central1-sendmail-b6e8d5c3-c7e8-4b81-981d-faa7b9d77503]: FINISHED {"metadata":{"emulator":{"name":"functions"},"message":"[worker-us-central1-sendmail-b6e8d5c3-c7e8-4b81-981d-faa7b9d77503]: FINISHED"}}
[debug] [2021-12-28T23:56:45.232Z] [runtime-status] [26512] Functions runtime initialized. {"cwd":"E:\\Education\\Web\\Lab1\\WebDevLabs\\functions","node_version":"14.17.6"} {"metadata":{"emulator":{"name":"functions"},"message":"[runtime-status] [26512] Functions runtime initialized. {\"cwd\":\"E:\\\\Education\\\\Web\\\\Lab1\\\\WebDevLabs\\\\functions\",\"node_version\":\"14.17.6\"}"}}
[debug] [2021-12-28T23:56:45.234Z] [runtime-status] [26512] Disabled runtime features: undefined {"metadata":{"emulator":{"name":"functions"},"message":"[runtime-status] [26512] Disabled runtime features: undefined"}}
[debug] [2021-12-28T23:56:45.237Z] [runtime-status] [26512] Resolved module firebase-admin {"declared":true,"installed":true,"version":"9.12.0","resolution":"E:\\Education\\Web\\Lab1\\WebDevLabs\\functions\\node_modules\\firebase-admin\\lib\\index.js"} {"metadata":{"emulator":{"name":"functions"},"message":"[runtime-status] [26512] Resolved module firebase-admin {\"declared\":true,\"installed\":true,\"version\":\"9.12.0\",\"resolution\":\"E:\\\\Education\\\\Web\\\\Lab1\\\\WebDevLabs\\\\functions\\\\node_modules\\\\firebase-admin\\\\lib\\\\index.js\"}"}}
[debug] [2021-12-28T23:56:45.241Z] [runtime-status] [26512] Resolved module firebase-functions {"declared":true,"installed":true,"version":"3.16.0","resolution":"E:\\Education\\Web\\Lab1\\WebDevLabs\\functions\\node_modules\\firebase-functions\\lib\\index.js"} {"metadata":{"emulator":{"name":"functions"},"message":"[runtime-status] [26512] Resolved module firebase-functions {\"declared\":true,\"installed\":true,\"version\":\"3.16.0\",\"resolution\":\"E:\\\\Education\\\\Web\\\\Lab1\\\\WebDevLabs\\\\functions\\\\node_modules\\\\firebase-functions\\\\lib\\\\index.js\"}"}}
[debug] [2021-12-28T23:56:45.242Z] [runtime-status] [26512] Outgoing network have been stubbed. [{"name":"http","status":"mocked"},{"name":"http","status":"mocked"},{"name":"https","status":"mocked"},{"name":"https","status":"mocked"},{"name":"net","status":"mocked"}] {"metadata":{"emulator":{"name":"functions"},"message":"[runtime-status] [26512] Outgoing network have been stubbed. [{\"name\":\"http\",\"status\":\"mocked\"},{\"name\":\"http\",\"status\":\"mocked\"},{\"name\":\"https\",\"status\":\"mocked\"},{\"name\":\"https\",\"status\":\"mocked\"},{\"name\":\"net\",\"status\":\"mocked\"}]"}}
[debug] [2021-12-28T23:56:45.244Z] [runtime-status] [26512] Resolved module firebase-functions {"declared":true,"installed":true,"version":"3.16.0","resolution":"E:\\Education\\Web\\Lab1\\WebDevLabs\\functions\\node_modules\\firebase-functions\\lib\\index.js"} {"metadata":{"emulator":{"name":"functions"},"message":"[runtime-status] [26512] Resolved module firebase-functions {\"declared\":true,\"installed\":true,\"version\":\"3.16.0\",\"resolution\":\"E:\\\\Education\\\\Web\\\\Lab1\\\\WebDevLabs\\\\functions\\\\node_modules\\\\firebase-functions\\\\lib\\\\index.js\"}"}}
[debug] [2021-12-28T23:56:45.279Z] [runtime-status] [26512] Checked functions.config() {"config":{"mail":{"login":"avakovkakarsen@gmail.com","host":"smtp.gmail.com","port":"587","pass":"shJvg-bdh-2237hdj","to":"danilsmy.edu@gmail.com"}}} {"metadata":{"emulator":{"name":"functions"},"message":"[runtime-status] [26512] Checked functions.config() {\"config\":{\"mail\":{\"login\":\"avakovkakarsen@gmail.com\",\"host\":\"smtp.gmail.com\",\"port\":\"587\",\"pass\":\"shJvg-bdh-2237hdj\",\"to\":\"danilsmy.edu@gmail.com\"}}}"}}
[debug] [2021-12-28T23:56:45.280Z] [runtime-status] [26512] firebase-functions has been stubbed. {"functionsResolution":{"declared":true,"installed":true,"version":"3.16.0","resolution":"E:\\Education\\Web\\Lab1\\WebDevLabs\\functions\\node_modules\\firebase-functions\\lib\\index.js"}} {"metadata":{"emulator":{"name":"functions"},"message":"[runtime-status] [26512] firebase-functions has been stubbed. {\"functionsResolution\":{\"declared\":true,\"installed\":true,\"version\":\"3.16.0\",\"resolution\":\"E:\\\\Education\\\\Web\\\\Lab1\\\\WebDevLabs\\\\functions\\\\node_modules\\\\firebase-functions\\\\lib\\\\index.js\"}}"}}
[debug] [2021-12-28T23:56:45.281Z] [runtime-status] [26512] Resolved module firebase-functions {"declared":true,"installed":true,"version":"3.16.0","resolution":"E:\\Education\\Web\\Lab1\\WebDevLabs\\functions\\node_modules\\firebase-functions\\lib\\index.js"} {"metadata":{"emulator":{"name":"functions"},"message":"[runtime-status] [26512] Resolved module firebase-functions {\"declared\":true,\"installed\":true,\"version\":\"3.16.0\",\"resolution\":\"E:\\\\Education\\\\Web\\\\Lab1\\\\WebDevLabs\\\\functions\\\\node_modules\\\\firebase-functions\\\\lib\\\\index.js\"}"}}
[debug] [2021-12-28T23:56:45.282Z] [runtime-status] [26512] Resolved module firebase-admin {"declared":true,"installed":true,"version":"9.12.0","resolution":"E:\\Education\\Web\\Lab1\\WebDevLabs\\functions\\node_modules\\firebase-admin\\lib\\index.js"} {"metadata":{"emulator":{"name":"functions"},"message":"[runtime-status] [26512] Resolved module firebase-admin {\"declared\":true,\"installed\":true,\"version\":\"9.12.0\",\"resolution\":\"E:\\\\Education\\\\Web\\\\Lab1\\\\WebDevLabs\\\\functions\\\\node_modules\\\\firebase-admin\\\\lib\\\\index.js\"}"}}
[debug] [2021-12-28T23:56:45.283Z] [runtime-status] [26512] Resolved module firebase-functions {"declared":true,"installed":true,"version":"3.16.0","resolution":"E:\\Education\\Web\\Lab1\\WebDevLabs\\functions\\node_modules\\firebase-functions\\lib\\index.js"} {"metadata":{"emulator":{"name":"functions"},"message":"[runtime-status] [26512] Resolved module firebase-functions {\"declared\":true,\"installed\":true,\"version\":\"3.16.0\",\"resolution\":\"E:\\\\Education\\\\Web\\\\Lab1\\\\WebDevLabs\\\\functions\\\\node_modules\\\\firebase-functions\\\\lib\\\\index.js\"}"}}
[debug] [2021-12-28T23:56:45.283Z] [runtime-status] [26512] firebase-admin has been stubbed. {"adminResolution":{"declared":true,"installed":true,"version":"9.12.0","resolution":"E:\\Education\\Web\\Lab1\\WebDevLabs\\functions\\node_modules\\firebase-admin\\lib\\index.js"}} {"metadata":{"emulator":{"name":"functions"},"message":"[runtime-status] [26512] firebase-admin has been stubbed. {\"adminResolution\":{\"declared\":true,\"installed\":true,\"version\":\"9.12.0\",\"resolution\":\"E:\\\\Education\\\\Web\\\\Lab1\\\\WebDevLabs\\\\functions\\\\node_modules\\\\firebase-admin\\\\lib\\\\index.js\"}}"}}
[info] >  { {"user":"{","metadata":{"emulator":{"name":"functions"},"message":"\u001b[90m> \u001b[39m {"}}
[info] >    mail: { {"user":"  mail: {","metadata":{"emulator":{"name":"functions"},"message":"\u001b[90m> \u001b[39m   mail: {"}}
[info] >      login: 'avakovkakarsen@gmail.com', {"user":"    login: 'avakovkakarsen@gmail.com',","metadata":{"emulator":{"name":"functions"},"message":"\u001b[90m> \u001b[39m     login: 'avakovkakarsen@gmail.com',"}}
[info] >      host: 'smtp.gmail.com', {"user":"    host: 'smtp.gmail.com',","metadata":{"emulator":{"name":"functions"},"message":"\u001b[90m> \u001b[39m     host: 'smtp.gmail.com',"}}
[info] >      port: '587', {"user":"    port: '587',","metadata":{"emulator":{"name":"functions"},"message":"\u001b[90m> \u001b[39m     port: '587',"}}
[info] >      pass: 'shJvg-bdh-2237hdj', {"user":"    pass: 'shJvg-bdh-2237hdj',","metadata":{"emulator":{"name":"functions"},"message":"\u001b[90m> \u001b[39m     pass: 'shJvg-bdh-2237hdj',"}}
[info] >      to: 'danilsmy.edu@gmail.com' {"user":"    to: 'danilsmy.edu@gmail.com'","metadata":{"emulator":{"name":"functions"},"message":"\u001b[90m> \u001b[39m     to: 'danilsmy.edu@gmail.com'"}}
[info] >    } {"user":"  }","metadata":{"emulator":{"name":"functions"},"message":"\u001b[90m> \u001b[39m   }"}}
[info] >  } {"user":"}","metadata":{"emulator":{"name":"functions"},"message":"\u001b[90m> \u001b[39m }"}}
[debug] [2021-12-28T23:56:45.407Z] [worker-~diagnostic~-10baef19-0652-4a5a-9bbb-d6618433e916]: IDLE {"metadata":{"emulator":{"name":"functions"},"message":"[worker-~diagnostic~-10baef19-0652-4a5a-9bbb-d6618433e916]: IDLE"}}
[debug] [2021-12-28T23:58:12.933Z] File E:\Education\Web\Lab1\WebDevLabs\functions\index.js changed, reloading triggers {"metadata":{"emulator":{"name":"functions"},"message":"File E:\\Education\\Web\\Lab1\\WebDevLabs\\functions\\index.js changed, reloading triggers"}}
[debug] [2021-12-28T23:58:13.939Z] [worker-pool] Shutting down IDLE worker (~diagnostic~) {"metadata":{"emulator":{"name":"functions"},"message":"[worker-pool] Shutting down IDLE worker (~diagnostic~)"}}
[debug] [2021-12-28T23:58:13.940Z] [worker-~diagnostic~-10baef19-0652-4a5a-9bbb-d6618433e916]: FINISHING {"metadata":{"emulator":{"name":"functions"},"message":"[worker-~diagnostic~-10baef19-0652-4a5a-9bbb-d6618433e916]: FINISHING"}}
[debug] [2021-12-28T23:58:13.940Z] [worker-pool] Cleaned up workers for ~diagnostic~: 2 --> 1 {"metadata":{"emulator":{"name":"functions"},"message":"[worker-pool] Cleaned up workers for ~diagnostic~: 2 --> 1"}}
[debug] [2021-12-28T23:58:13.940Z] [worker-pool] Cleaned up workers for us-central1-sendmail: 1 --> 0 {"metadata":{"emulator":{"name":"functions"},"message":"[worker-pool] Cleaned up workers for us-central1-sendmail: 1 --> 0"}}
[debug] [2021-12-28T23:58:13.949Z] [worker-pool] addWorker(~diagnostic~) {"metadata":{"emulator":{"name":"functions"},"message":"[worker-pool] addWorker(~diagnostic~)"}}
[debug] [2021-12-28T23:58:13.950Z] [worker-pool] Adding worker with key ~diagnostic~, total=2 {"metadata":{"emulator":{"name":"functions"},"message":"[worker-pool] Adding worker with key ~diagnostic~, total=2"}}
[debug] [2021-12-28T23:58:13.950Z] [worker-pool] submitWork(triggerId=) {"metadata":{"emulator":{"name":"functions"},"message":"[worker-pool] submitWork(triggerId=)"}}
[debug] [2021-12-28T23:58:13.950Z] [worker-~diagnostic~-16195020-83cd-4b5a-be70-1ced8d55d441]: Assigning socketPath: \\?\pipe\E:\Education\Web\Lab1\WebDevLabs\functions\19788 {"metadata":{"emulator":{"name":"functions"},"message":"[worker-~diagnostic~-16195020-83cd-4b5a-be70-1ced8d55d441]: Assigning socketPath: \\\\?\\pipe\\E:\\Education\\Web\\Lab1\\WebDevLabs\\functions\\19788"}}
[debug] [2021-12-28T23:58:13.950Z] [worker-~diagnostic~-16195020-83cd-4b5a-be70-1ced8d55d441]: BUSY {"metadata":{"emulator":{"name":"functions"},"message":"[worker-~diagnostic~-16195020-83cd-4b5a-be70-1ced8d55d441]: BUSY"}}
[debug] [2021-12-28T23:58:13.950Z] [worker-~diagnostic~-10baef19-0652-4a5a-9bbb-d6618433e916]: exited {"metadata":{"emulator":{"name":"functions"},"message":"[worker-~diagnostic~-10baef19-0652-4a5a-9bbb-d6618433e916]: exited"}}
[debug] [2021-12-28T23:58:13.951Z] [worker-~diagnostic~-10baef19-0652-4a5a-9bbb-d6618433e916]: FINISHED {"metadata":{"emulator":{"name":"functions"},"message":"[worker-~diagnostic~-10baef19-0652-4a5a-9bbb-d6618433e916]: FINISHED"}}
[debug] [2021-12-28T23:58:14.185Z] [runtime-status] [19788] Functions runtime initialized. {"cwd":"E:\\Education\\Web\\Lab1\\WebDevLabs\\functions","node_version":"14.17.6"} {"metadata":{"emulator":{"name":"functions"},"message":"[runtime-status] [19788] Functions runtime initialized. {\"cwd\":\"E:\\\\Education\\\\Web\\\\Lab1\\\\WebDevLabs\\\\functions\",\"node_version\":\"14.17.6\"}"}}
[debug] [2021-12-28T23:58:14.188Z] [runtime-status] [19788] Disabled runtime features: undefined {"metadata":{"emulator":{"name":"functions"},"message":"[runtime-status] [19788] Disabled runtime features: undefined"}}
[debug] [2021-12-28T23:58:14.191Z] [runtime-status] [19788] Resolved module firebase-admin {"declared":true,"installed":true,"version":"9.12.0","resolution":"E:\\Education\\Web\\Lab1\\WebDevLabs\\functions\\node_modules\\firebase-admin\\lib\\index.js"} {"metadata":{"emulator":{"name":"functions"},"message":"[runtime-status] [19788] Resolved module firebase-admin {\"declared\":true,\"installed\":true,\"version\":\"9.12.0\",\"resolution\":\"E:\\\\Education\\\\Web\\\\Lab1\\\\WebDevLabs\\\\functions\\\\node_modules\\\\firebase-admin\\\\lib\\\\index.js\"}"}}
[debug] [2021-12-28T23:58:14.194Z] [runtime-status] [19788] Resolved module firebase-functions {"declared":true,"installed":true,"version":"3.16.0","resolution":"E:\\Education\\Web\\Lab1\\WebDevLabs\\functions\\node_modules\\firebase-functions\\lib\\index.js"} {"metadata":{"emulator":{"name":"functions"},"message":"[runtime-status] [19788] Resolved module firebase-functions {\"declared\":true,\"installed\":true,\"version\":\"3.16.0\",\"resolution\":\"E:\\\\Education\\\\Web\\\\Lab1\\\\WebDevLabs\\\\functions\\\\node_modules\\\\firebase-functions\\\\lib\\\\index.js\"}"}}
[debug] [2021-12-28T23:58:14.196Z] [runtime-status] [19788] Outgoing network have been stubbed. [{"name":"http","status":"mocked"},{"name":"http","status":"mocked"},{"name":"https","status":"mocked"},{"name":"https","status":"mocked"},{"name":"net","status":"mocked"}] {"metadata":{"emulator":{"name":"functions"},"message":"[runtime-status] [19788] Outgoing network have been stubbed. [{\"name\":\"http\",\"status\":\"mocked\"},{\"name\":\"http\",\"status\":\"mocked\"},{\"name\":\"https\",\"status\":\"mocked\"},{\"name\":\"https\",\"status\":\"mocked\"},{\"name\":\"net\",\"status\":\"mocked\"}]"}}
[debug] [2021-12-28T23:58:14.198Z] [runtime-status] [19788] Resolved module firebase-functions {"declared":true,"installed":true,"version":"3.16.0","resolution":"E:\\Education\\Web\\Lab1\\WebDevLabs\\functions\\node_modules\\firebase-functions\\lib\\index.js"} {"metadata":{"emulator":{"name":"functions"},"message":"[runtime-status] [19788] Resolved module firebase-functions {\"declared\":true,\"installed\":true,\"version\":\"3.16.0\",\"resolution\":\"E:\\\\Education\\\\Web\\\\Lab1\\\\WebDevLabs\\\\functions\\\\node_modules\\\\firebase-functions\\\\lib\\\\index.js\"}"}}
[debug] [2021-12-28T23:58:14.234Z] [runtime-status] [19788] Checked functions.config() {"config":{"mail":{"login":"avakovkakarsen@gmail.com","host":"smtp.gmail.com","port":"587","pass":"shJvg-bdh-2237hdj","to":"danilsmy.edu@gmail.com"}}} {"metadata":{"emulator":{"name":"functions"},"message":"[runtime-status] [19788] Checked functions.config() {\"config\":{\"mail\":{\"login\":\"avakovkakarsen@gmail.com\",\"host\":\"smtp.gmail.com\",\"port\":\"587\",\"pass\":\"shJvg-bdh-2237hdj\",\"to\":\"danilsmy.edu@gmail.com\"}}}"}}
[debug] [2021-12-28T23:58:14.234Z] [runtime-status] [19788] firebase-functions has been stubbed. {"functionsResolution":{"declared":true,"installed":true,"version":"3.16.0","resolution":"E:\\Education\\Web\\Lab1\\WebDevLabs\\functions\\node_modules\\firebase-functions\\lib\\index.js"}} {"metadata":{"emulator":{"name":"functions"},"message":"[runtime-status] [19788] firebase-functions has been stubbed. {\"functionsResolution\":{\"declared\":true,\"installed\":true,\"version\":\"3.16.0\",\"resolution\":\"E:\\\\Education\\\\Web\\\\Lab1\\\\WebDevLabs\\\\functions\\\\node_modules\\\\firebase-functions\\\\lib\\\\index.js\"}}"}}
[debug] [2021-12-28T23:58:14.235Z] [runtime-status] [19788] Resolved module firebase-functions {"declared":true,"installed":true,"version":"3.16.0","resolution":"E:\\Education\\Web\\Lab1\\WebDevLabs\\functions\\node_modules\\firebase-functions\\lib\\index.js"} {"metadata":{"emulator":{"name":"functions"},"message":"[runtime-status] [19788] Resolved module firebase-functions {\"declared\":true,\"installed\":true,\"version\":\"3.16.0\",\"resolution\":\"E:\\\\Education\\\\Web\\\\Lab1\\\\WebDevLabs\\\\functions\\\\node_modules\\\\firebase-functions\\\\lib\\\\index.js\"}"}}
[debug] [2021-12-28T23:58:14.237Z] [runtime-status] [19788] Resolved module firebase-admin {"declared":true,"installed":true,"version":"9.12.0","resolution":"E:\\Education\\Web\\Lab1\\WebDevLabs\\functions\\node_modules\\firebase-admin\\lib\\index.js"} {"metadata":{"emulator":{"name":"functions"},"message":"[runtime-status] [19788] Resolved module firebase-admin {\"declared\":true,\"installed\":true,\"version\":\"9.12.0\",\"resolution\":\"E:\\\\Education\\\\Web\\\\Lab1\\\\WebDevLabs\\\\functions\\\\node_modules\\\\firebase-admin\\\\lib\\\\index.js\"}"}}
[debug] [2021-12-28T23:58:14.237Z] [runtime-status] [19788] Resolved module firebase-functions {"declared":true,"installed":true,"version":"3.16.0","resolution":"E:\\Education\\Web\\Lab1\\WebDevLabs\\functions\\node_modules\\firebase-functions\\lib\\index.js"} {"metadata":{"emulator":{"name":"functions"},"message":"[runtime-status] [19788] Resolved module firebase-functions {\"declared\":true,\"installed\":true,\"version\":\"3.16.0\",\"resolution\":\"E:\\\\Education\\\\Web\\\\Lab1\\\\WebDevLabs\\\\functions\\\\node_modules\\\\firebase-functions\\\\lib\\\\index.js\"}"}}
[debug] [2021-12-28T23:58:14.238Z] [runtime-status] [19788] firebase-admin has been stubbed. {"adminResolution":{"declared":true,"installed":true,"version":"9.12.0","resolution":"E:\\Education\\Web\\Lab1\\WebDevLabs\\functions\\node_modules\\firebase-admin\\lib\\index.js"}} {"metadata":{"emulator":{"name":"functions"},"message":"[runtime-status] [19788] firebase-admin has been stubbed. {\"adminResolution\":{\"declared\":true,\"installed\":true,\"version\":\"9.12.0\",\"resolution\":\"E:\\\\Education\\\\Web\\\\Lab1\\\\WebDevLabs\\\\functions\\\\node_modules\\\\firebase-admin\\\\lib\\\\index.js\"}}"}}
[info] >  { {"user":"{","metadata":{"emulator":{"name":"functions"},"message":"\u001b[90m> \u001b[39m {"}}
[info] >    mail: { {"user":"  mail: {","metadata":{"emulator":{"name":"functions"},"message":"\u001b[90m> \u001b[39m   mail: {"}}
[info] >      login: 'avakovkakarsen@gmail.com', {"user":"    login: 'avakovkakarsen@gmail.com',","metadata":{"emulator":{"name":"functions"},"message":"\u001b[90m> \u001b[39m     login: 'avakovkakarsen@gmail.com',"}}
[info] >      host: 'smtp.gmail.com', {"user":"    host: 'smtp.gmail.com',","metadata":{"emulator":{"name":"functions"},"message":"\u001b[90m> \u001b[39m     host: 'smtp.gmail.com',"}}
[info] >      port: '587', {"user":"    port: '587',","metadata":{"emulator":{"name":"functions"},"message":"\u001b[90m> \u001b[39m     port: '587',"}}
[info] >      pass: 'shJvg-bdh-2237hdj', {"user":"    pass: 'shJvg-bdh-2237hdj',","metadata":{"emulator":{"name":"functions"},"message":"\u001b[90m> \u001b[39m     pass: 'shJvg-bdh-2237hdj',"}}
[info] >      to: 'danilsmy.edu@gmail.com' {"user":"    to: 'danilsmy.edu@gmail.com'","metadata":{"emulator":{"name":"functions"},"message":"\u001b[90m> \u001b[39m     to: 'danilsmy.edu@gmail.com'"}}
[info] >    } {"user":"  }","metadata":{"emulator":{"name":"functions"},"message":"\u001b[90m> \u001b[39m   }"}}
[info] >  } {"user":"}","metadata":{"emulator":{"name":"functions"},"message":"\u001b[90m> \u001b[39m }"}}
[debug] [2021-12-28T23:58:14.369Z] [worker-~diagnostic~-16195020-83cd-4b5a-be70-1ced8d55d441]: IDLE {"metadata":{"emulator":{"name":"functions"},"message":"[worker-~diagnostic~-16195020-83cd-4b5a-be70-1ced8d55d441]: IDLE"}}
[debug] [2021-12-28T23:58:43.142Z] File E:\Education\Web\Lab1\WebDevLabs\functions\index.js changed, reloading triggers {"metadata":{"emulator":{"name":"functions"},"message":"File E:\\Education\\Web\\Lab1\\WebDevLabs\\functions\\index.js changed, reloading triggers"}}
[debug] [2021-12-28T23:58:44.158Z] [worker-pool] Shutting down IDLE worker (~diagnostic~) {"metadata":{"emulator":{"name":"functions"},"message":"[worker-pool] Shutting down IDLE worker (~diagnostic~)"}}
[debug] [2021-12-28T23:58:44.158Z] [worker-~diagnostic~-16195020-83cd-4b5a-be70-1ced8d55d441]: FINISHING {"metadata":{"emulator":{"name":"functions"},"message":"[worker-~diagnostic~-16195020-83cd-4b5a-be70-1ced8d55d441]: FINISHING"}}
[debug] [2021-12-28T23:58:44.160Z] [worker-pool] Cleaned up workers for ~diagnostic~: 2 --> 1 {"metadata":{"emulator":{"name":"functions"},"message":"[worker-pool] Cleaned up workers for ~diagnostic~: 2 --> 1"}}
[debug] [2021-12-28T23:58:44.169Z] [worker-pool] addWorker(~diagnostic~) {"metadata":{"emulator":{"name":"functions"},"message":"[worker-pool] addWorker(~diagnostic~)"}}
[debug] [2021-12-28T23:58:44.169Z] [worker-pool] Adding worker with key ~diagnostic~, total=2 {"metadata":{"emulator":{"name":"functions"},"message":"[worker-pool] Adding worker with key ~diagnostic~, total=2"}}
[debug] [2021-12-28T23:58:44.169Z] [worker-pool] submitWork(triggerId=) {"metadata":{"emulator":{"name":"functions"},"message":"[worker-pool] submitWork(triggerId=)"}}
[debug] [2021-12-28T23:58:44.169Z] [worker-~diagnostic~-d9f6f520-394a-4475-8b57-203358ca70e3]: Assigning socketPath: \\?\pipe\E:\Education\Web\Lab1\WebDevLabs\functions\29108 {"metadata":{"emulator":{"name":"functions"},"message":"[worker-~diagnostic~-d9f6f520-394a-4475-8b57-203358ca70e3]: Assigning socketPath: \\\\?\\pipe\\E:\\Education\\Web\\Lab1\\WebDevLabs\\functions\\29108"}}
[debug] [2021-12-28T23:58:44.169Z] [worker-~diagnostic~-d9f6f520-394a-4475-8b57-203358ca70e3]: BUSY {"metadata":{"emulator":{"name":"functions"},"message":"[worker-~diagnostic~-d9f6f520-394a-4475-8b57-203358ca70e3]: BUSY"}}
[debug] [2021-12-28T23:58:44.170Z] [worker-~diagnostic~-16195020-83cd-4b5a-be70-1ced8d55d441]: exited {"metadata":{"emulator":{"name":"functions"},"message":"[worker-~diagnostic~-16195020-83cd-4b5a-be70-1ced8d55d441]: exited"}}
[debug] [2021-12-28T23:58:44.170Z] [worker-~diagnostic~-16195020-83cd-4b5a-be70-1ced8d55d441]: FINISHED {"metadata":{"emulator":{"name":"functions"},"message":"[worker-~diagnostic~-16195020-83cd-4b5a-be70-1ced8d55d441]: FINISHED"}}
[debug] [2021-12-28T23:58:44.401Z] [runtime-status] [29108] Functions runtime initialized. {"cwd":"E:\\Education\\Web\\Lab1\\WebDevLabs\\functions","node_version":"14.17.6"} {"metadata":{"emulator":{"name":"functions"},"message":"[runtime-status] [29108] Functions runtime initialized. {\"cwd\":\"E:\\\\Education\\\\Web\\\\Lab1\\\\WebDevLabs\\\\functions\",\"node_version\":\"14.17.6\"}"}}
[debug] [2021-12-28T23:58:44.403Z] [runtime-status] [29108] Disabled runtime features: undefined {"metadata":{"emulator":{"name":"functions"},"message":"[runtime-status] [29108] Disabled runtime features: undefined"}}
[debug] [2021-12-28T23:58:44.406Z] [runtime-status] [29108] Resolved module firebase-admin {"declared":true,"installed":true,"version":"9.12.0","resolution":"E:\\Education\\Web\\Lab1\\WebDevLabs\\functions\\node_modules\\firebase-admin\\lib\\index.js"} {"metadata":{"emulator":{"name":"functions"},"message":"[runtime-status] [29108] Resolved module firebase-admin {\"declared\":true,\"installed\":true,\"version\":\"9.12.0\",\"resolution\":\"E:\\\\Education\\\\Web\\\\Lab1\\\\WebDevLabs\\\\functions\\\\node_modules\\\\firebase-admin\\\\lib\\\\index.js\"}"}}
[debug] [2021-12-28T23:58:44.410Z] [runtime-status] [29108] Resolved module firebase-functions {"declared":true,"installed":true,"version":"3.16.0","resolution":"E:\\Education\\Web\\Lab1\\WebDevLabs\\functions\\node_modules\\firebase-functions\\lib\\index.js"} {"metadata":{"emulator":{"name":"functions"},"message":"[runtime-status] [29108] Resolved module firebase-functions {\"declared\":true,\"installed\":true,\"version\":\"3.16.0\",\"resolution\":\"E:\\\\Education\\\\Web\\\\Lab1\\\\WebDevLabs\\\\functions\\\\node_modules\\\\firebase-functions\\\\lib\\\\index.js\"}"}}
[debug] [2021-12-28T23:58:44.412Z] [runtime-status] [29108] Outgoing network have been stubbed. [{"name":"http","status":"mocked"},{"name":"http","status":"mocked"},{"name":"https","status":"mocked"},{"name":"https","status":"mocked"},{"name":"net","status":"mocked"}] {"metadata":{"emulator":{"name":"functions"},"message":"[runtime-status] [29108] Outgoing network have been stubbed. [{\"name\":\"http\",\"status\":\"mocked\"},{\"name\":\"http\",\"status\":\"mocked\"},{\"name\":\"https\",\"status\":\"mocked\"},{\"name\":\"https\",\"status\":\"mocked\"},{\"name\":\"net\",\"status\":\"mocked\"}]"}}
[debug] [2021-12-28T23:58:44.413Z] [runtime-status] [29108] Resolved module firebase-functions {"declared":true,"installed":true,"version":"3.16.0","resolution":"E:\\Education\\Web\\Lab1\\WebDevLabs\\functions\\node_modules\\firebase-functions\\lib\\index.js"} {"metadata":{"emulator":{"name":"functions"},"message":"[runtime-status] [29108] Resolved module firebase-functions {\"declared\":true,\"installed\":true,\"version\":\"3.16.0\",\"resolution\":\"E:\\\\Education\\\\Web\\\\Lab1\\\\WebDevLabs\\\\functions\\\\node_modules\\\\firebase-functions\\\\lib\\\\index.js\"}"}}
[debug] [2021-12-28T23:58:44.449Z] [runtime-status] [29108] Checked functions.config() {"config":{"mail":{"login":"avakovkakarsen@gmail.com","host":"smtp.gmail.com","port":"587","pass":"shJvg-bdh-2237hdj","to":"danilsmy.edu@gmail.com"}}} {"metadata":{"emulator":{"name":"functions"},"message":"[runtime-status] [29108] Checked functions.config() {\"config\":{\"mail\":{\"login\":\"avakovkakarsen@gmail.com\",\"host\":\"smtp.gmail.com\",\"port\":\"587\",\"pass\":\"shJvg-bdh-2237hdj\",\"to\":\"danilsmy.edu@gmail.com\"}}}"}}
[debug] [2021-12-28T23:58:44.450Z] [runtime-status] [29108] firebase-functions has been stubbed. {"functionsResolution":{"declared":true,"installed":true,"version":"3.16.0","resolution":"E:\\Education\\Web\\Lab1\\WebDevLabs\\functions\\node_modules\\firebase-functions\\lib\\index.js"}} {"metadata":{"emulator":{"name":"functions"},"message":"[runtime-status] [29108] firebase-functions has been stubbed. {\"functionsResolution\":{\"declared\":true,\"installed\":true,\"version\":\"3.16.0\",\"resolution\":\"E:\\\\Education\\\\Web\\\\Lab1\\\\WebDevLabs\\\\functions\\\\node_modules\\\\firebase-functions\\\\lib\\\\index.js\"}}"}}
[debug] [2021-12-28T23:58:44.450Z] [runtime-status] [29108] Resolved module firebase-functions {"declared":true,"installed":true,"version":"3.16.0","resolution":"E:\\Education\\Web\\Lab1\\WebDevLabs\\functions\\node_modules\\firebase-functions\\lib\\index.js"} {"metadata":{"emulator":{"name":"functions"},"message":"[runtime-status] [29108] Resolved module firebase-functions {\"declared\":true,\"installed\":true,\"version\":\"3.16.0\",\"resolution\":\"E:\\\\Education\\\\Web\\\\Lab1\\\\WebDevLabs\\\\functions\\\\node_modules\\\\firebase-functions\\\\lib\\\\index.js\"}"}}
[debug] [2021-12-28T23:58:44.452Z] [runtime-status] [29108] Resolved module firebase-admin {"declared":true,"installed":true,"version":"9.12.0","resolution":"E:\\Education\\Web\\Lab1\\WebDevLabs\\functions\\node_modules\\firebase-admin\\lib\\index.js"} {"metadata":{"emulator":{"name":"functions"},"message":"[runtime-status] [29108] Resolved module firebase-admin {\"declared\":true,\"installed\":true,\"version\":\"9.12.0\",\"resolution\":\"E:\\\\Education\\\\Web\\\\Lab1\\\\WebDevLabs\\\\functions\\\\node_modules\\\\firebase-admin\\\\lib\\\\index.js\"}"}}
[debug] [2021-12-28T23:58:44.452Z] [runtime-status] [29108] Resolved module firebase-functions {"declared":true,"installed":true,"version":"3.16.0","resolution":"E:\\Education\\Web\\Lab1\\WebDevLabs\\functions\\node_modules\\firebase-functions\\lib\\index.js"} {"metadata":{"emulator":{"name":"functions"},"message":"[runtime-status] [29108] Resolved module firebase-functions {\"declared\":true,\"installed\":true,\"version\":\"3.16.0\",\"resolution\":\"E:\\\\Education\\\\Web\\\\Lab1\\\\WebDevLabs\\\\functions\\\\node_modules\\\\firebase-functions\\\\lib\\\\index.js\"}"}}
[debug] [2021-12-28T23:58:44.453Z] [runtime-status] [29108] firebase-admin has been stubbed. {"adminResolution":{"declared":true,"installed":true,"version":"9.12.0","resolution":"E:\\Education\\Web\\Lab1\\WebDevLabs\\functions\\node_modules\\firebase-admin\\lib\\index.js"}} {"metadata":{"emulator":{"name":"functions"},"message":"[runtime-status] [29108] firebase-admin has been stubbed. {\"adminResolution\":{\"declared\":true,\"installed\":true,\"version\":\"9.12.0\",\"resolution\":\"E:\\\\Education\\\\Web\\\\Lab1\\\\WebDevLabs\\\\functions\\\\node_modules\\\\firebase-admin\\\\lib\\\\index.js\"}}"}}
[info] >  { {"user":"{","metadata":{"emulator":{"name":"functions"},"message":"\u001b[90m> \u001b[39m {"}}
[info] >    mail: { {"user":"  mail: {","metadata":{"emulator":{"name":"functions"},"message":"\u001b[90m> \u001b[39m   mail: {"}}
[info] >      login: 'avakovkakarsen@gmail.com', {"user":"    login: 'avakovkakarsen@gmail.com',","metadata":{"emulator":{"name":"functions"},"message":"\u001b[90m> \u001b[39m     login: 'avakovkakarsen@gmail.com',"}}
[info] >      host: 'smtp.gmail.com', {"user":"    host: 'smtp.gmail.com',","metadata":{"emulator":{"name":"functions"},"message":"\u001b[90m> \u001b[39m     host: 'smtp.gmail.com',"}}
[info] >      port: '587', {"user":"    port: '587',","metadata":{"emulator":{"name":"functions"},"message":"\u001b[90m> \u001b[39m     port: '587',"}}
[info] >      pass: 'shJvg-bdh-2237hdj', {"user":"    pass: 'shJvg-bdh-2237hdj',","metadata":{"emulator":{"name":"functions"},"message":"\u001b[90m> \u001b[39m     pass: 'shJvg-bdh-2237hdj',"}}
[info] >      to: 'danilsmy.edu@gmail.com' {"user":"    to: 'danilsmy.edu@gmail.com'","metadata":{"emulator":{"name":"functions"},"message":"\u001b[90m> \u001b[39m     to: 'danilsmy.edu@gmail.com'"}}
[info] >    } {"user":"  }","metadata":{"emulator":{"name":"functions"},"message":"\u001b[90m> \u001b[39m   }"}}
[info] >  } {"user":"}","metadata":{"emulator":{"name":"functions"},"message":"\u001b[90m> \u001b[39m }"}}
[debug] [2021-12-28T23:58:44.582Z] [worker-~diagnostic~-d9f6f520-394a-4475-8b57-203358ca70e3]: IDLE {"metadata":{"emulator":{"name":"functions"},"message":"[worker-~diagnostic~-d9f6f520-394a-4475-8b57-203358ca70e3]: IDLE"}}
