[debug] [2021-10-09T17:05:48.944Z] ----------------------------------------------------------------------
[debug] [2021-10-09T17:05:48.947Z] Command:       C:\Program Files\nodejs\node.exe C:\Users\asus\AppData\Roaming\npm\node_modules\firebase-tools\lib\bin\firebase.js emulators:start --only functions
[debug] [2021-10-09T17:05:48.947Z] CLI Version:   9.20.0
[debug] [2021-10-09T17:05:48.947Z] Platform:      win32
[debug] [2021-10-09T17:05:48.947Z] Node Version:  v14.17.6
[debug] [2021-10-09T17:05:48.949Z] Time:          Sat Oct 09 2021 20:05:48 GMT+0300 (Eastern European Summer Time)
[debug] [2021-10-09T17:05:48.949Z] ----------------------------------------------------------------------
[debug] 
[debug] [2021-10-09T17:05:49.017Z] > command requires scopes: ["email","openid","https://www.googleapis.com/auth/cloudplatformprojects.readonly","https://www.googleapis.com/auth/firebase","https://www.googleapis.com/auth/cloud-platform"]
[debug] [2021-10-09T17:05:49.017Z] > authorizing via signed-in user (danilsmy.edu@gmail.com)
[info] i  emulators: Starting emulators: functions {"metadata":{"emulator":{"name":"hub"},"message":"Starting emulators: functions"}}
[debug] [2021-10-09T17:05:49.037Z] [hub] writing locator at C:\Users\asus\AppData\Local\Temp\hub-kpi-web-lab-2.json
[warn] !  functions: The following emulators are not running, calls to these services from the Functions emulator will affect production: auth, firestore, database, hosting, pubsub, storage {"metadata":{"emulator":{"name":"functions"},"message":"The following emulators are not running, calls to these services from the Functions emulator will affect production: \u001b[1mauth, firestore, database, hosting, pubsub, storage\u001b[22m"}}
[info] +  functions: Using node@14 from host. {"metadata":{"emulator":{"name":"functions"},"message":"Using node@14 from host."}}
[debug] [2021-10-09T17:05:49.056Z] defaultcredentials: writing to file C:\Users\asus\AppData\Roaming\firebase\danilsmy_edu_gmail.com_application_default_credentials.json
[debug] [2021-10-09T17:05:49.057Z] Setting GAC to C:\Users\asus\AppData\Roaming\firebase\danilsmy_edu_gmail.com_application_default_credentials.json {"metadata":{"emulator":{"name":"functions"},"message":"Setting GAC to C:\\Users\\asus\\AppData\\Roaming\\firebase\\danilsmy_edu_gmail.com_application_default_credentials.json"}}
[debug] [2021-10-09T17:05:49.061Z] >>> [apiv2][query] GET https://firebase.googleapis.com/v1beta1/projects/kpi-web-lab-2/adminSdkConfig [none]
[debug] [2021-10-09T17:05:49.420Z] <<< [apiv2][status] GET https://firebase.googleapis.com/v1beta1/projects/kpi-web-lab-2/adminSdkConfig 200
[debug] [2021-10-09T17:05:49.420Z] <<< [apiv2][body] GET https://firebase.googleapis.com/v1beta1/projects/kpi-web-lab-2/adminSdkConfig {"projectId":"kpi-web-lab-2","storageBucket":"kpi-web-lab-2.appspot.com"}
[debug] [2021-10-09T17:05:49.445Z] Ignoring unsupported arg: auto_download {"metadata":{"emulator":{"name":"ui"},"message":"Ignoring unsupported arg: auto_download"}}
[debug] [2021-10-09T17:05:49.445Z] Ignoring unsupported arg: port {"metadata":{"emulator":{"name":"ui"},"message":"Ignoring unsupported arg: port"}}
[debug] [2021-10-09T17:05:49.445Z] Starting Emulator UI with command {"binary":"node","args":["C:\\Users\\asus\\.cache\\firebase\\emulators\\ui-v1.6.3\\server.bundle.js"],"optionalArgs":[],"joinArgs":false} {"metadata":{"emulator":{"name":"ui"},"message":"Starting Emulator UI with command {\"binary\":\"node\",\"args\":[\"C:\\\\Users\\\\asus\\\\.cache\\\\firebase\\\\emulators\\\\ui-v1.6.3\\\\server.bundle.js\"],\"optionalArgs\":[],\"joinArgs\":false}"}}
[info] i  ui: Emulator UI logging to ui-debug.log {"metadata":{"emulator":{"name":"ui"},"message":"Emulator UI logging to \u001b[1mui-debug.log\u001b[22m"}}
[debug] [2021-10-09T17:05:49.581Z] Web / API server started at localhost:4000
 {"metadata":{"emulator":{"name":"ui"},"message":"Web / API server started at localhost:4000\n"}}
[info] i  functions: Watching "E:\Education\Web\Lab1\WebDevLabs\Lab2\functions" for Cloud Functions... {"metadata":{"emulator":{"name":"functions"},"message":"Watching \"E:\\Education\\Web\\Lab1\\WebDevLabs\\Lab2\\functions\" for Cloud Functions..."}}
[debug] [2021-10-09T17:05:49.727Z] [worker-pool] addWorker(~diagnostic~) {"metadata":{"emulator":{"name":"functions"},"message":"[worker-pool] addWorker(~diagnostic~)"}}
[debug] [2021-10-09T17:05:49.727Z] [worker-pool] Adding worker with key ~diagnostic~, total=1 {"metadata":{"emulator":{"name":"functions"},"message":"[worker-pool] Adding worker with key ~diagnostic~, total=1"}}
[debug] [2021-10-09T17:05:49.728Z] [worker-pool] submitWork(triggerId=) {"metadata":{"emulator":{"name":"functions"},"message":"[worker-pool] submitWork(triggerId=)"}}
[debug] [2021-10-09T17:05:49.728Z] [worker-~diagnostic~-70c0796e-d9c6-4931-85e0-7ec602ca0fa2]: Assigning socketPath: \\?\pipe\E:\Education\Web\Lab1\WebDevLabs\Lab2\functions\16832 {"metadata":{"emulator":{"name":"functions"},"message":"[worker-~diagnostic~-70c0796e-d9c6-4931-85e0-7ec602ca0fa2]: Assigning socketPath: \\\\?\\pipe\\E:\\Education\\Web\\Lab1\\WebDevLabs\\Lab2\\functions\\16832"}}
[debug] [2021-10-09T17:05:49.728Z] [worker-~diagnostic~-70c0796e-d9c6-4931-85e0-7ec602ca0fa2]: BUSY {"metadata":{"emulator":{"name":"functions"},"message":"[worker-~diagnostic~-70c0796e-d9c6-4931-85e0-7ec602ca0fa2]: BUSY"}}
[debug] [2021-10-09T17:05:49.979Z] [runtime-status] [16832] Functions runtime initialized. {"cwd":"E:\\Education\\Web\\Lab1\\WebDevLabs\\Lab2\\functions","node_version":"14.17.6"} {"metadata":{"emulator":{"name":"functions"},"message":"[runtime-status] [16832] Functions runtime initialized. {\"cwd\":\"E:\\\\Education\\\\Web\\\\Lab1\\\\WebDevLabs\\\\Lab2\\\\functions\",\"node_version\":\"14.17.6\"}"}}
[debug] [2021-10-09T17:05:49.980Z] [runtime-status] [16832] Disabled runtime features: undefined {"metadata":{"emulator":{"name":"functions"},"message":"[runtime-status] [16832] Disabled runtime features: undefined"}}
[debug] [2021-10-09T17:05:49.984Z] [runtime-status] [16832] Resolved module firebase-admin {"declared":true,"installed":true,"version":"9.12.0","resolution":"E:\\Education\\Web\\Lab1\\WebDevLabs\\Lab2\\functions\\node_modules\\firebase-admin\\lib\\index.js"} {"metadata":{"emulator":{"name":"functions"},"message":"[runtime-status] [16832] Resolved module firebase-admin {\"declared\":true,\"installed\":true,\"version\":\"9.12.0\",\"resolution\":\"E:\\\\Education\\\\Web\\\\Lab1\\\\WebDevLabs\\\\Lab2\\\\functions\\\\node_modules\\\\firebase-admin\\\\lib\\\\index.js\"}"}}
[debug] [2021-10-09T17:05:49.987Z] [runtime-status] [16832] Resolved module firebase-functions {"declared":true,"installed":true,"version":"3.15.7","resolution":"E:\\Education\\Web\\Lab1\\WebDevLabs\\Lab2\\functions\\node_modules\\firebase-functions\\lib\\index.js"} {"metadata":{"emulator":{"name":"functions"},"message":"[runtime-status] [16832] Resolved module firebase-functions {\"declared\":true,\"installed\":true,\"version\":\"3.15.7\",\"resolution\":\"E:\\\\Education\\\\Web\\\\Lab1\\\\WebDevLabs\\\\Lab2\\\\functions\\\\node_modules\\\\firebase-functions\\\\lib\\\\index.js\"}"}}
[debug] [2021-10-09T17:05:49.989Z] [runtime-status] [16832] Outgoing network have been stubbed. [{"name":"http","status":"mocked"},{"name":"http","status":"mocked"},{"name":"https","status":"mocked"},{"name":"https","status":"mocked"},{"name":"net","status":"mocked"}] {"metadata":{"emulator":{"name":"functions"},"message":"[runtime-status] [16832] Outgoing network have been stubbed. [{\"name\":\"http\",\"status\":\"mocked\"},{\"name\":\"http\",\"status\":\"mocked\"},{\"name\":\"https\",\"status\":\"mocked\"},{\"name\":\"https\",\"status\":\"mocked\"},{\"name\":\"net\",\"status\":\"mocked\"}]"}}
[debug] [2021-10-09T17:05:49.990Z] [runtime-status] [16832] Resolved module firebase-functions {"declared":true,"installed":true,"version":"3.15.7","resolution":"E:\\Education\\Web\\Lab1\\WebDevLabs\\Lab2\\functions\\node_modules\\firebase-functions\\lib\\index.js"} {"metadata":{"emulator":{"name":"functions"},"message":"[runtime-status] [16832] Resolved module firebase-functions {\"declared\":true,\"installed\":true,\"version\":\"3.15.7\",\"resolution\":\"E:\\\\Education\\\\Web\\\\Lab1\\\\WebDevLabs\\\\Lab2\\\\functions\\\\node_modules\\\\firebase-functions\\\\lib\\\\index.js\"}"}}
[debug] [2021-10-09T17:05:50.042Z] [runtime-status] [16832] Checked functions.config() {"config":{}} {"metadata":{"emulator":{"name":"functions"},"message":"[runtime-status] [16832] Checked functions.config() {\"config\":{}}"}}
[debug] [2021-10-09T17:05:50.042Z] [runtime-status] [16832] firebase-functions has been stubbed. {"functionsResolution":{"declared":true,"installed":true,"version":"3.15.7","resolution":"E:\\Education\\Web\\Lab1\\WebDevLabs\\Lab2\\functions\\node_modules\\firebase-functions\\lib\\index.js"}} {"metadata":{"emulator":{"name":"functions"},"message":"[runtime-status] [16832] firebase-functions has been stubbed. {\"functionsResolution\":{\"declared\":true,\"installed\":true,\"version\":\"3.15.7\",\"resolution\":\"E:\\\\Education\\\\Web\\\\Lab1\\\\WebDevLabs\\\\Lab2\\\\functions\\\\node_modules\\\\firebase-functions\\\\lib\\\\index.js\"}}"}}
[debug] [2021-10-09T17:05:50.043Z] [runtime-status] [16832] Resolved module firebase-functions {"declared":true,"installed":true,"version":"3.15.7","resolution":"E:\\Education\\Web\\Lab1\\WebDevLabs\\Lab2\\functions\\node_modules\\firebase-functions\\lib\\index.js"} {"metadata":{"emulator":{"name":"functions"},"message":"[runtime-status] [16832] Resolved module firebase-functions {\"declared\":true,\"installed\":true,\"version\":\"3.15.7\",\"resolution\":\"E:\\\\Education\\\\Web\\\\Lab1\\\\WebDevLabs\\\\Lab2\\\\functions\\\\node_modules\\\\firebase-functions\\\\lib\\\\index.js\"}"}}
[debug] [2021-10-09T17:05:50.045Z] [runtime-status] [16832] Resolved module firebase-admin {"declared":true,"installed":true,"version":"9.12.0","resolution":"E:\\Education\\Web\\Lab1\\WebDevLabs\\Lab2\\functions\\node_modules\\firebase-admin\\lib\\index.js"} {"metadata":{"emulator":{"name":"functions"},"message":"[runtime-status] [16832] Resolved module firebase-admin {\"declared\":true,\"installed\":true,\"version\":\"9.12.0\",\"resolution\":\"E:\\\\Education\\\\Web\\\\Lab1\\\\WebDevLabs\\\\Lab2\\\\functions\\\\node_modules\\\\firebase-admin\\\\lib\\\\index.js\"}"}}
[debug] [2021-10-09T17:05:50.045Z] [runtime-status] [16832] Resolved module firebase-functions {"declared":true,"installed":true,"version":"3.15.7","resolution":"E:\\Education\\Web\\Lab1\\WebDevLabs\\Lab2\\functions\\node_modules\\firebase-functions\\lib\\index.js"} {"metadata":{"emulator":{"name":"functions"},"message":"[runtime-status] [16832] Resolved module firebase-functions {\"declared\":true,\"installed\":true,\"version\":\"3.15.7\",\"resolution\":\"E:\\\\Education\\\\Web\\\\Lab1\\\\WebDevLabs\\\\Lab2\\\\functions\\\\node_modules\\\\firebase-functions\\\\lib\\\\index.js\"}"}}
[debug] [2021-10-09T17:05:50.046Z] [runtime-status] [16832] firebase-admin has been stubbed. {"adminResolution":{"declared":true,"installed":true,"version":"9.12.0","resolution":"E:\\Education\\Web\\Lab1\\WebDevLabs\\Lab2\\functions\\node_modules\\firebase-admin\\lib\\index.js"}} {"metadata":{"emulator":{"name":"functions"},"message":"[runtime-status] [16832] firebase-admin has been stubbed. {\"adminResolution\":{\"declared\":true,\"installed\":true,\"version\":\"9.12.0\",\"resolution\":\"E:\\\\Education\\\\Web\\\\Lab1\\\\WebDevLabs\\\\Lab2\\\\functions\\\\node_modules\\\\firebase-admin\\\\lib\\\\index.js\"}}"}}
[info] +  functions[us-central1-sendmail]: http function initialized (http://localhost:5001/kpi-web-lab-2/us-central1/sendmail). {"metadata":{"emulator":{"name":"functions"},"message":"\u001b[1mhttp\u001b[22m function initialized (http://localhost:5001/kpi-web-lab-2/us-central1/sendmail)."}}
[info] 
┌─────────────────────────────────────────────────────────────┐
│ ✔  All emulators ready! It is now safe to connect your app. │
│ i  View Emulator UI at http://localhost:4000                │
└─────────────────────────────────────────────────────────────┘

┌───────────┬────────────────┬─────────────────────────────────┐
│ Emulator  │ Host:Port      │ View in Emulator UI             │
├───────────┼────────────────┼─────────────────────────────────┤
│ Functions │ localhost:5001 │ http://localhost:4000/functions │
└───────────┴────────────────┴─────────────────────────────────┘
  Emulator Hub running at localhost:4400
  Other reserved ports: 4500

Issues? Report them at https://github.com/firebase/firebase-tools/issues and attach the *-debug.log files.
 
[debug] [2021-10-09T17:05:50.056Z] [worker-~diagnostic~-70c0796e-d9c6-4931-85e0-7ec602ca0fa2]: IDLE {"metadata":{"emulator":{"name":"functions"},"message":"[worker-~diagnostic~-70c0796e-d9c6-4931-85e0-7ec602ca0fa2]: IDLE"}}
[debug] [2021-10-09T17:05:53.564Z] [work-queue] {"queueLength":1,"workRunningCount":0}
[debug] [2021-10-09T17:05:53.565Z] [work-queue] {"queueLength":0,"workRunningCount":1}
[debug] [2021-10-09T17:05:53.565Z] Accepted request GET /kpi-web-lab-2/us-central1/sendmail --> us-central1-sendmail
[debug] [2021-10-09T17:05:53.574Z] [worker-pool] addWorker(us-central1-sendmail) {"metadata":{"emulator":{"name":"functions"},"message":"[worker-pool] addWorker(us-central1-sendmail)"}}
[debug] [2021-10-09T17:05:53.574Z] [worker-pool] Adding worker with key us-central1-sendmail, total=1 {"metadata":{"emulator":{"name":"functions"},"message":"[worker-pool] Adding worker with key us-central1-sendmail, total=1"}}
[debug] [2021-10-09T17:05:53.574Z] [worker-pool] submitWork(triggerId=us-central1-sendmail) {"metadata":{"emulator":{"name":"functions"},"message":"[worker-pool] submitWork(triggerId=us-central1-sendmail)"}}
[debug] [2021-10-09T17:05:53.574Z] [worker-us-central1-sendmail-165f6a06-c9f1-4870-ac4f-82d5e70b1692]: Assigning socketPath: \\?\pipe\E:\Education\Web\Lab1\WebDevLabs\Lab2\functions\2752 {"metadata":{"emulator":{"name":"functions"},"message":"[worker-us-central1-sendmail-165f6a06-c9f1-4870-ac4f-82d5e70b1692]: Assigning socketPath: \\\\?\\pipe\\E:\\Education\\Web\\Lab1\\WebDevLabs\\Lab2\\functions\\2752"}}
[debug] [2021-10-09T17:05:53.575Z] [worker-us-central1-sendmail-165f6a06-c9f1-4870-ac4f-82d5e70b1692]: BUSY {"metadata":{"emulator":{"name":"functions"},"message":"[worker-us-central1-sendmail-165f6a06-c9f1-4870-ac4f-82d5e70b1692]: BUSY"}}
[debug] [2021-10-09T17:05:53.829Z] [runtime-status] [2752] Functions runtime initialized. {"cwd":"E:\\Education\\Web\\Lab1\\WebDevLabs\\Lab2\\functions","node_version":"14.17.6"} {"metadata":{"emulator":{"name":"functions"},"function":{"name":"us-central1-sendmail"},"message":"[runtime-status] [2752] Functions runtime initialized. {\"cwd\":\"E:\\\\Education\\\\Web\\\\Lab1\\\\WebDevLabs\\\\Lab2\\\\functions\",\"node_version\":\"14.17.6\"}"}}
[debug] [2021-10-09T17:05:53.831Z] [runtime-status] [2752] Disabled runtime features: undefined {"metadata":{"emulator":{"name":"functions"},"function":{"name":"us-central1-sendmail"},"message":"[runtime-status] [2752] Disabled runtime features: undefined"}}
[debug] [2021-10-09T17:05:53.835Z] [runtime-status] [2752] Resolved module firebase-admin {"declared":true,"installed":true,"version":"9.12.0","resolution":"E:\\Education\\Web\\Lab1\\WebDevLabs\\Lab2\\functions\\node_modules\\firebase-admin\\lib\\index.js"} {"metadata":{"emulator":{"name":"functions"},"function":{"name":"us-central1-sendmail"},"message":"[runtime-status] [2752] Resolved module firebase-admin {\"declared\":true,\"installed\":true,\"version\":\"9.12.0\",\"resolution\":\"E:\\\\Education\\\\Web\\\\Lab1\\\\WebDevLabs\\\\Lab2\\\\functions\\\\node_modules\\\\firebase-admin\\\\lib\\\\index.js\"}"}}
[debug] [2021-10-09T17:05:53.839Z] [runtime-status] [2752] Resolved module firebase-functions {"declared":true,"installed":true,"version":"3.15.7","resolution":"E:\\Education\\Web\\Lab1\\WebDevLabs\\Lab2\\functions\\node_modules\\firebase-functions\\lib\\index.js"} {"metadata":{"emulator":{"name":"functions"},"function":{"name":"us-central1-sendmail"},"message":"[runtime-status] [2752] Resolved module firebase-functions {\"declared\":true,\"installed\":true,\"version\":\"3.15.7\",\"resolution\":\"E:\\\\Education\\\\Web\\\\Lab1\\\\WebDevLabs\\\\Lab2\\\\functions\\\\node_modules\\\\firebase-functions\\\\lib\\\\index.js\"}"}}
[debug] [2021-10-09T17:05:53.840Z] [runtime-status] [2752] Outgoing network have been stubbed. [{"name":"http","status":"mocked"},{"name":"http","status":"mocked"},{"name":"https","status":"mocked"},{"name":"https","status":"mocked"},{"name":"net","status":"mocked"}] {"metadata":{"emulator":{"name":"functions"},"function":{"name":"us-central1-sendmail"},"message":"[runtime-status] [2752] Outgoing network have been stubbed. [{\"name\":\"http\",\"status\":\"mocked\"},{\"name\":\"http\",\"status\":\"mocked\"},{\"name\":\"https\",\"status\":\"mocked\"},{\"name\":\"https\",\"status\":\"mocked\"},{\"name\":\"net\",\"status\":\"mocked\"}]"}}
[debug] [2021-10-09T17:05:53.842Z] [runtime-status] [2752] Resolved module firebase-functions {"declared":true,"installed":true,"version":"3.15.7","resolution":"E:\\Education\\Web\\Lab1\\WebDevLabs\\Lab2\\functions\\node_modules\\firebase-functions\\lib\\index.js"} {"metadata":{"emulator":{"name":"functions"},"function":{"name":"us-central1-sendmail"},"message":"[runtime-status] [2752] Resolved module firebase-functions {\"declared\":true,\"installed\":true,\"version\":\"3.15.7\",\"resolution\":\"E:\\\\Education\\\\Web\\\\Lab1\\\\WebDevLabs\\\\Lab2\\\\functions\\\\node_modules\\\\firebase-functions\\\\lib\\\\index.js\"}"}}
[debug] [2021-10-09T17:05:53.896Z] [runtime-status] [2752] Checked functions.config() {"config":{}} {"metadata":{"emulator":{"name":"functions"},"function":{"name":"us-central1-sendmail"},"message":"[runtime-status] [2752] Checked functions.config() {\"config\":{}}"}}
[debug] [2021-10-09T17:05:53.896Z] [runtime-status] [2752] firebase-functions has been stubbed. {"functionsResolution":{"declared":true,"installed":true,"version":"3.15.7","resolution":"E:\\Education\\Web\\Lab1\\WebDevLabs\\Lab2\\functions\\node_modules\\firebase-functions\\lib\\index.js"}} {"metadata":{"emulator":{"name":"functions"},"function":{"name":"us-central1-sendmail"},"message":"[runtime-status] [2752] firebase-functions has been stubbed. {\"functionsResolution\":{\"declared\":true,\"installed\":true,\"version\":\"3.15.7\",\"resolution\":\"E:\\\\Education\\\\Web\\\\Lab1\\\\WebDevLabs\\\\Lab2\\\\functions\\\\node_modules\\\\firebase-functions\\\\lib\\\\index.js\"}}"}}
[debug] [2021-10-09T17:05:53.897Z] [runtime-status] [2752] Resolved module firebase-functions {"declared":true,"installed":true,"version":"3.15.7","resolution":"E:\\Education\\Web\\Lab1\\WebDevLabs\\Lab2\\functions\\node_modules\\firebase-functions\\lib\\index.js"} {"metadata":{"emulator":{"name":"functions"},"function":{"name":"us-central1-sendmail"},"message":"[runtime-status] [2752] Resolved module firebase-functions {\"declared\":true,\"installed\":true,\"version\":\"3.15.7\",\"resolution\":\"E:\\\\Education\\\\Web\\\\Lab1\\\\WebDevLabs\\\\Lab2\\\\functions\\\\node_modules\\\\firebase-functions\\\\lib\\\\index.js\"}"}}
[debug] [2021-10-09T17:05:53.898Z] [runtime-status] [2752] Resolved module firebase-admin {"declared":true,"installed":true,"version":"9.12.0","resolution":"E:\\Education\\Web\\Lab1\\WebDevLabs\\Lab2\\functions\\node_modules\\firebase-admin\\lib\\index.js"} {"metadata":{"emulator":{"name":"functions"},"function":{"name":"us-central1-sendmail"},"message":"[runtime-status] [2752] Resolved module firebase-admin {\"declared\":true,\"installed\":true,\"version\":\"9.12.0\",\"resolution\":\"E:\\\\Education\\\\Web\\\\Lab1\\\\WebDevLabs\\\\Lab2\\\\functions\\\\node_modules\\\\firebase-admin\\\\lib\\\\index.js\"}"}}
[debug] [2021-10-09T17:05:53.899Z] [runtime-status] [2752] Resolved module firebase-functions {"declared":true,"installed":true,"version":"3.15.7","resolution":"E:\\Education\\Web\\Lab1\\WebDevLabs\\Lab2\\functions\\node_modules\\firebase-functions\\lib\\index.js"} {"metadata":{"emulator":{"name":"functions"},"function":{"name":"us-central1-sendmail"},"message":"[runtime-status] [2752] Resolved module firebase-functions {\"declared\":true,\"installed\":true,\"version\":\"3.15.7\",\"resolution\":\"E:\\\\Education\\\\Web\\\\Lab1\\\\WebDevLabs\\\\Lab2\\\\functions\\\\node_modules\\\\firebase-functions\\\\lib\\\\index.js\"}"}}
[debug] [2021-10-09T17:05:53.899Z] [runtime-status] [2752] firebase-admin has been stubbed. {"adminResolution":{"declared":true,"installed":true,"version":"9.12.0","resolution":"E:\\Education\\Web\\Lab1\\WebDevLabs\\Lab2\\functions\\node_modules\\firebase-admin\\lib\\index.js"}} {"metadata":{"emulator":{"name":"functions"},"function":{"name":"us-central1-sendmail"},"message":"[runtime-status] [2752] firebase-admin has been stubbed. {\"adminResolution\":{\"declared\":true,\"installed\":true,\"version\":\"9.12.0\",\"resolution\":\"E:\\\\Education\\\\Web\\\\Lab1\\\\WebDevLabs\\\\Lab2\\\\functions\\\\node_modules\\\\firebase-admin\\\\lib\\\\index.js\"}}"}}
[debug] [2021-10-09T17:05:53.902Z] [runtime-status] [2752] Trigger "us-central1-sendmail" has been found, beginning invocation! {"metadata":{"emulator":{"name":"functions"},"function":{"name":"us-central1-sendmail"},"message":"[runtime-status] [2752] Trigger \"us-central1-sendmail\" has been found, beginning invocation!"}}
[info] i  functions: Beginning execution of "us-central1-sendmail" {"metadata":{"emulator":{"name":"functions"},"function":{"name":"us-central1-sendmail"},"message":"Beginning execution of \"us-central1-sendmail\""}}
[debug] [2021-10-09T17:05:53.904Z] [runtime-status] [2752] triggerDefinition {"httpsTrigger":{},"name":"sendmail","entryPoint":"sendmail","regions":["us-central1"],"region":"us-central1","id":"us-central1-sendmail"} {"metadata":{"emulator":{"name":"functions"},"function":{"name":"us-central1-sendmail"},"message":"[runtime-status] [2752] triggerDefinition {\"httpsTrigger\":{},\"name\":\"sendmail\",\"entryPoint\":\"sendmail\",\"regions\":[\"us-central1\"],\"region\":\"us-central1\",\"id\":\"us-central1-sendmail\"}"}}
[debug] [2021-10-09T17:05:53.904Z] [runtime-status] [2752] Running us-central1-sendmail in signature http {"metadata":{"emulator":{"name":"functions"},"function":{"name":"us-central1-sendmail"},"message":"[runtime-status] [2752] Running us-central1-sendmail in signature http"}}
[debug] [2021-10-09T17:05:53.908Z] [runtime-status] [2752] Attempting to listen to socketPath: \\?\pipe\E:\Education\Web\Lab1\WebDevLabs\Lab2\functions\2752 {"metadata":{"emulator":{"name":"functions"},"function":{"name":"us-central1-sendmail"},"message":"[runtime-status] [2752] Attempting to listen to socketPath: \\\\?\\pipe\\E:\\Education\\Web\\Lab1\\WebDevLabs\\Lab2\\functions\\2752"}}
[debug] [2021-10-09T17:05:53.910Z] [functions] Runtime ready! Sending request! {"metadata":{"emulator":{"name":"functions"},"message":"[functions] Runtime ready! Sending request!"}}
[debug] [2021-10-09T17:05:53.911Z] [functions] Got req.url=/kpi-web-lab-2/us-central1/sendmail, mapping to path=/ {"metadata":{"emulator":{"name":"functions"},"message":"[functions] Got req.url=/kpi-web-lab-2/us-central1/sendmail, mapping to path=/"}}
[debug] [2021-10-09T17:05:53.918Z] [runtime-status] [2752] Ephemeral server handling GET request {"metadata":{"emulator":{"name":"functions"},"function":{"name":"us-central1-sendmail"},"message":"[runtime-status] [2752] Ephemeral server handling GET request"}}
[info] >  {"structuredData":true,"severity":"INFO","message":"Hello logs!"} {"user":{"structuredData":true,"severity":"INFO","message":"Hello logs!"},"metadata":{"emulator":{"name":"functions"},"function":{"name":"us-central1-sendmail"},"message":"\u001b[90m> \u001b[39m {\"structuredData\":true,\"severity\":\"INFO\",\"message\":\"Hello logs!\"}"}}
[debug] [2021-10-09T17:05:53.927Z] [runtime-status] [2752] Ephemeral server survived. {"metadata":{"emulator":{"name":"functions"},"function":{"name":"us-central1-sendmail"},"message":"[runtime-status] [2752] Ephemeral server survived."}}
[info] i  functions: Finished "us-central1-sendmail" in ~1s {"metadata":{"emulator":{"name":"functions"},"function":{"name":"us-central1-sendmail"},"message":"Finished \"us-central1-sendmail\" in ~1s"}}
[debug] [2021-10-09T17:05:53.931Z] [worker-us-central1-sendmail-165f6a06-c9f1-4870-ac4f-82d5e70b1692]: IDLE {"metadata":{"emulator":{"name":"functions"},"message":"[worker-us-central1-sendmail-165f6a06-c9f1-4870-ac4f-82d5e70b1692]: IDLE"}}
[debug] [2021-10-09T17:05:53.931Z] [work-queue] {"queueLength":0,"workRunningCount":0}
[debug] [2021-10-09T17:06:10.620Z] [work-queue] {"queueLength":1,"workRunningCount":0}
[debug] [2021-10-09T17:06:10.621Z] [work-queue] {"queueLength":0,"workRunningCount":1}
[debug] [2021-10-09T17:06:10.621Z] Accepted request GET /kpi-web-lab-2/us-central1/sendmail/sendmail --> us-central1-sendmail
[debug] [2021-10-09T17:06:10.621Z] [worker-pool] submitWork(triggerId=us-central1-sendmail) {"metadata":{"emulator":{"name":"functions"},"message":"[worker-pool] submitWork(triggerId=us-central1-sendmail)"}}
[debug] [2021-10-09T17:06:10.622Z] [worker-us-central1-sendmail-165f6a06-c9f1-4870-ac4f-82d5e70b1692]: Assigning socketPath: \\?\pipe\E:\Education\Web\Lab1\WebDevLabs\Lab2\functions\2752 {"metadata":{"emulator":{"name":"functions"},"message":"[worker-us-central1-sendmail-165f6a06-c9f1-4870-ac4f-82d5e70b1692]: Assigning socketPath: \\\\?\\pipe\\E:\\Education\\Web\\Lab1\\WebDevLabs\\Lab2\\functions\\2752"}}
[debug] [2021-10-09T17:06:10.622Z] [worker-us-central1-sendmail-165f6a06-c9f1-4870-ac4f-82d5e70b1692]: BUSY {"metadata":{"emulator":{"name":"functions"},"message":"[worker-us-central1-sendmail-165f6a06-c9f1-4870-ac4f-82d5e70b1692]: BUSY"}}
[debug] [2021-10-09T17:06:10.622Z] [runtime-status] [2752] Trigger "us-central1-sendmail" has been found, beginning invocation! {"metadata":{"emulator":{"name":"functions"},"function":{"name":"us-central1-sendmail"},"message":"[runtime-status] [2752] Trigger \"us-central1-sendmail\" has been found, beginning invocation!"}}
[info] i  functions: Beginning execution of "us-central1-sendmail" {"metadata":{"emulator":{"name":"functions"},"function":{"name":"us-central1-sendmail"},"message":"Beginning execution of \"us-central1-sendmail\""}}
[debug] [2021-10-09T17:06:10.624Z] [runtime-status] [2752] triggerDefinition {"httpsTrigger":{},"name":"sendmail","entryPoint":"sendmail","regions":["us-central1"],"region":"us-central1","id":"us-central1-sendmail"} {"metadata":{"emulator":{"name":"functions"},"function":{"name":"us-central1-sendmail"},"message":"[runtime-status] [2752] triggerDefinition {\"httpsTrigger\":{},\"name\":\"sendmail\",\"entryPoint\":\"sendmail\",\"regions\":[\"us-central1\"],\"region\":\"us-central1\",\"id\":\"us-central1-sendmail\"}"}}
[debug] [2021-10-09T17:06:10.624Z] [runtime-status] [2752] Running us-central1-sendmail in signature http {"metadata":{"emulator":{"name":"functions"},"function":{"name":"us-central1-sendmail"},"message":"[runtime-status] [2752] Running us-central1-sendmail in signature http"}}
[debug] [2021-10-09T17:06:10.624Z] [runtime-status] [2752] Attempting to listen to socketPath: \\?\pipe\E:\Education\Web\Lab1\WebDevLabs\Lab2\functions\2752 {"metadata":{"emulator":{"name":"functions"},"function":{"name":"us-central1-sendmail"},"message":"[runtime-status] [2752] Attempting to listen to socketPath: \\\\?\\pipe\\E:\\Education\\Web\\Lab1\\WebDevLabs\\Lab2\\functions\\2752"}}
[debug] [2021-10-09T17:06:10.625Z] [functions] Runtime ready! Sending request! {"metadata":{"emulator":{"name":"functions"},"message":"[functions] Runtime ready! Sending request!"}}
[debug] [2021-10-09T17:06:10.626Z] [functions] Got req.url=/kpi-web-lab-2/us-central1/sendmail/sendmail, mapping to path=/sendmail {"metadata":{"emulator":{"name":"functions"},"message":"[functions] Got req.url=/kpi-web-lab-2/us-central1/sendmail/sendmail, mapping to path=/sendmail"}}
[debug] [2021-10-09T17:06:10.628Z] [runtime-status] [2752] Ephemeral server handling GET request {"metadata":{"emulator":{"name":"functions"},"function":{"name":"us-central1-sendmail"},"message":"[runtime-status] [2752] Ephemeral server handling GET request"}}
[info] >  {"structuredData":true,"severity":"INFO","message":"Hello logs!"} {"user":{"structuredData":true,"severity":"INFO","message":"Hello logs!"},"metadata":{"emulator":{"name":"functions"},"function":{"name":"us-central1-sendmail"},"message":"\u001b[90m> \u001b[39m {\"structuredData\":true,\"severity\":\"INFO\",\"message\":\"Hello logs!\"}"}}
[debug] [2021-10-09T17:06:10.630Z] [runtime-status] [2752] Ephemeral server survived. {"metadata":{"emulator":{"name":"functions"},"function":{"name":"us-central1-sendmail"},"message":"[runtime-status] [2752] Ephemeral server survived."}}
[info] i  functions: Finished "us-central1-sendmail" in ~1s {"metadata":{"emulator":{"name":"functions"},"function":{"name":"us-central1-sendmail"},"message":"Finished \"us-central1-sendmail\" in ~1s"}}
[debug] [2021-10-09T17:06:10.631Z] [worker-us-central1-sendmail-165f6a06-c9f1-4870-ac4f-82d5e70b1692]: IDLE {"metadata":{"emulator":{"name":"functions"},"message":"[worker-us-central1-sendmail-165f6a06-c9f1-4870-ac4f-82d5e70b1692]: IDLE"}}
[debug] [2021-10-09T17:06:10.631Z] [work-queue] {"queueLength":0,"workRunningCount":0}
[debug] [2021-10-09T22:21:03.333Z] [worker-us-central1-sendmail-165f6a06-c9f1-4870-ac4f-82d5e70b1692]: exited {"metadata":{"emulator":{"name":"functions"},"message":"[worker-us-central1-sendmail-165f6a06-c9f1-4870-ac4f-82d5e70b1692]: exited"}}
[debug] [2021-10-09T22:21:03.345Z] [worker-us-central1-sendmail-165f6a06-c9f1-4870-ac4f-82d5e70b1692]: FINISHED {"metadata":{"emulator":{"name":"functions"},"message":"[worker-us-central1-sendmail-165f6a06-c9f1-4870-ac4f-82d5e70b1692]: FINISHED"}}
[debug] [2021-10-09T22:21:03.346Z] [worker-~diagnostic~-70c0796e-d9c6-4931-85e0-7ec602ca0fa2]: exited {"metadata":{"emulator":{"name":"functions"},"message":"[worker-~diagnostic~-70c0796e-d9c6-4931-85e0-7ec602ca0fa2]: exited"}}
[debug] [2021-10-09T22:21:03.346Z] [worker-~diagnostic~-70c0796e-d9c6-4931-85e0-7ec602ca0fa2]: FINISHED {"metadata":{"emulator":{"name":"functions"},"message":"[worker-~diagnostic~-70c0796e-d9c6-4931-85e0-7ec602ca0fa2]: FINISHED"}}
